01:45:31.995 [main                     ] DEBUG Logger               - Configured Logger
01:45:32.001 [main                     ] DEBUG GameApplication      - Logging settings
Title: Test project
Version: 0.0
Width: 800
Height: 800
Fullscreen: false
Intro: false
Profiling: false
Single step:false
App Mode: DEVELOPER
Menu Key: ESCAPE
Stage Style: DECORATED
Scene Factory: class com.almasb.fxgl.app.scene.SceneFactory

01:45:32.297 [JavaFX Application Thread] DEBUG FXGLApplication      - Initializing FXGL
01:45:32.299 [JavaFX Application Thread] INFO  Engine               - FXGL-11.14 (01.03.2021 16.59) on WINDOWS (J:15.0.1 FX:11.0.2)
01:45:32.299 [JavaFX Application Thread] DEBUG Engine               - JRE Vendor Name: Oracle Corporation
01:45:32.299 [JavaFX Application Thread] DEBUG Engine               - Running on OS: Windows 10 version 10.0
01:45:32.299 [JavaFX Application Thread] DEBUG Engine               - Architecture: amd64
01:45:32.299 [JavaFX Application Thread] INFO  Engine               - Source code and latest versions at: https://github.com/AlmasB/FXGL
01:45:32.300 [JavaFX Application Thread] INFO  Engine               -              Join the FXGL chat at: https://gitter.im/AlmasB/FXGL
01:45:32.379 [JavaFX Application Thread] DEBUG PrimaryStageWindow   - Creating a JavaFX scene
01:45:32.415 [JavaFX Application Thread] DEBUG PrimaryStageWindow   - Target settings size: 800.0 x 800.0
01:45:32.415 [JavaFX Application Thread] DEBUG PrimaryStageWindow   - Scaled scene size:    800.0 x 800.0
01:45:32.415 [JavaFX Application Thread] DEBUG PrimaryStageWindow   - Scaled ratio: (1.0, 1.0)
01:45:32.416 [JavaFX Application Thread] DEBUG PrimaryStageWindow   - Set initial scene to FXGLStartupScene
01:45:32.421 [JavaFX Application Thread] DEBUG PrimaryStageWindow   - Opening main window
01:45:32.493 [JavaFX Application Thread] DEBUG PrimaryStageWindow   - Window border size: (16.0, 39.0)
01:45:32.493 [JavaFX Application Thread] DEBUG PrimaryStageWindow   - Scaled size: 800.0 x 800.0
01:45:32.493 [JavaFX Application Thread] DEBUG PrimaryStageWindow   - Scaled ratio: (1.0, 1.0)
01:45:32.493 [JavaFX Application Thread] DEBUG PrimaryStageWindow   - Scene size: 800.0 x 800.0
01:45:32.493 [JavaFX Application Thread] DEBUG PrimaryStageWindow   - Stage size: 816.0 x 839.0
01:45:32.501 [FXGL Background Thread 1 ] DEBUG Engine               - Initializing environment variables
01:45:32.543 [FXGL Background Thread 1 ] DEBUG FXGLAssetLoaderServi - User app class for loading assets: class Game
01:45:32.544 [FXGL Background Thread 1 ] DEBUG GameApplicationServi - Applying CSS: fxgl_dark.css
01:45:32.546 [FXGL Background Thread 1 ] DEBUG FXGLAssetLoaderServi - Loading from file system: jar:file:/C:/Users/Reda/.m2/repository/com/github/almasb/fxgl/11.14/fxgl-11.14.jar!/fxglassets/ui/css/fxgl_dark.css
01:45:32.591 [FXGL Background Thread 1 ] DEBUG GameApplicationServi - Initializing application scenes
01:45:32.629 [FXGL Background Thread 1 ] DEBUG GameWorld            - Game world initialized
01:45:32.709 [FXGL Background Thread 1 ] DEBUG PhysicsWorld         - Physics world initialized: appHeight=800, physics.ppm=50.0
01:45:32.709 [FXGL Background Thread 1 ] DEBUG PhysicsWorld         - Using strategy: BRUTE_FORCE
01:45:32.712 [FXGL Background Thread 1 ] DEBUG GameScene            - Game scene initialized: 800x800
01:45:32.749 [FXGL Background Thread 1 ] DEBUG FXGLAssetLoaderServi - Loading from file system: jar:file:/C:/Users/Reda/.m2/repository/com/github/almasb/fxgl/11.14/fxgl-11.14.jar!/fxglassets/textures/particles/trace_horizontal.png
01:45:32.802 [FXGL Background Thread 1 ] DEBUG FXGL.DefaultMenu     - createMenuBodyGameMenu()
01:45:32.821 [FXGL Background Thread 1 ] DEBUG FXGL.DefaultMenu     - createOptionsMenu()
01:45:32.829 [FXGL Background Thread 1 ] DEBUG FXGLAssetLoaderServi - Loading from file system: jar:file:/C:/Users/Reda/.m2/repository/com/github/almasb/fxgl/11.14/fxgl-11.14.jar!/fxglassets/textures/particles/smoke.png
01:45:32.889 [FXGL Background Thread 1 ] DEBUG GameApplicationServi - Application scenes initialized
01:45:32.901 [FXGL Background Thread 1 ] DEBUG SystemBundleService  - Loading FXGL system data
01:45:32.906 [FXGL Background Thread 1 ] DEBUG FileSystemAccess     - Reading from: C:\Users\Reda\Desktop\Test\TestGameFXGL\system\fxgl.bundle
01:45:32.915 [FXGL Background Thread 1 ] DEBUG SystemBundleService  - Bundle FXGL: {}
01:45:32.915 [FXGL Background Thread 1 ] DEBUG UpdaterService       - Checking for updates
01:45:32.921 [FXGL Background Thread 4 ] DEBUG FXGLApplication      - Loading fonts
01:45:32.922 [FXGL Background Thread 1 ] DEBUG FXGLApplication      - Loading default localization
01:45:32.922 [FXGL Background Thread 4 ] DEBUG FXGLAssetLoaderServi - Loading from file system: jar:file:/C:/Users/Reda/.m2/repository/com/github/almasb/fxgl/11.14/fxgl-11.14.jar!/fxglassets/ui/fonts/VarelaRound-Regular.ttf
01:45:32.922 [FXGL Background Thread 1 ] DEBUG FXGLAssetLoaderServi - Loading from file system: jar:file:/C:/Users/Reda/.m2/repository/com/github/almasb/fxgl/11.14/fxgl-11.14.jar!/fxglassets/languages/english.lang
01:45:32.939 [FXGL Background Thread 1 ] INFO  FXGLApplication      - FXGL initialization took: 0.438 sec
01:45:32.951 [JavaFX Application Thread] DEBUG Input                - Registered new binding: action0 - W
01:45:32.951 [JavaFX Application Thread] DEBUG Input                - Registered new binding: action1 - A
01:45:32.951 [JavaFX Application Thread] DEBUG Input                - Registered new binding: action2 - S
01:45:32.952 [JavaFX Application Thread] DEBUG Input                - Registered new binding: action3 - D
01:45:32.952 [JavaFX Application Thread] DEBUG FXGLAssetLoaderServi - Loading from file system: jar:file:/C:/Users/Reda/.m2/repository/com/github/almasb/fxgl/11.14/fxgl-11.14.jar!/fxglassets/textures/fxgl_icon.png
01:45:32.972 [JavaFX Application Thread] DEBUG FXGLAssetLoaderServi - Loading from file system: jar:file:/C:/Users/Reda/.m2/repository/com/github/almasb/fxgl/11.14/fxgl-11.14.jar!/fxglassets/ui/cursors/fxgl_default.png
01:45:32.974 [JavaFX Application Thread] DEBUG Input                - Registered new binding: Screenshot - P
01:45:32.975 [JavaFX Application Thread] DEBUG Input                - Registered new binding: System info dump - CTRL+9
01:45:32.975 [JavaFX Application Thread] DEBUG Input                - Registered new binding: Restart - CTRL+R
01:45:32.976 [JavaFX Application Thread] DEBUG Input                - Registered new binding: Toggle Debug Camera - CTRL+C
01:45:32.978 [JavaFX Application Thread] DEBUG LoopRunner           - Starting loop
01:45:32.979 [JavaFX Application Thread] DEBUG LoopRunner           - Initializing JavaFX AnimationTimerLoop
01:45:32.980 [JavaFX Application Thread] DEBUG GameApplicationServi - Starting new game
01:45:32.981 [JavaFX Application Thread] DEBUG Input                - Clearing active input actions
01:45:32.990 [JavaFX Application Thread] DEBUG GameApplicationServi - Removing overlay from FXGLStartupScene and adding to FXGLLoadingScene
01:45:32.990 [JavaFX Application Thread] DEBUG PrimaryStageWindow   - FXGLStartupScene -> FXGLLoadingScene
01:45:32.990 [JavaFX Application Thread] DEBUG GameApplicationServi - Clearing previous game
01:45:32.990 [JavaFX Application Thread] DEBUG GameScene            - Clearing game scene
01:45:32.991 [JavaFX Application Thread] DEBUG GameWorld            - Clearing game world
01:45:32.991 [JavaFX Application Thread] DEBUG PhysicsWorld         - Clearing physics world
01:45:32.992 [FXGL Background Thread 1 ] DEBUG FXGLApplication      - Initializing game
01:45:32.994 [FXGL Background Thread 1 ] DEBUG FXGLAssetLoaderServi - Loading from file system: file:/C:/Users/Reda/Desktop/Test/TestGameFXGL/target/classes/assets/textures/koen_warner.png
01:45:33.013 [FXGL Background Thread 1 ] INFO  FXGLApplication      - Game initialization took: 0.021 sec
01:45:33.024 [JavaFX Application Thread] DEBUG Input                - Clearing active input actions
01:45:33.032 [JavaFX Application Thread] DEBUG GameApplicationServi - Removing overlay from FXGLLoadingScene and adding to GameScene
01:45:33.032 [JavaFX Application Thread] DEBUG PrimaryStageWindow   - FXGLLoadingScene -> GameScene
01:45:33.037 [FXGL Background Thread 4 ] DEBUG FXGLAssetLoaderServi - Loading from file system: jar:file:/C:/Users/Reda/.m2/repository/com/github/almasb/fxgl/11.14/fxgl-11.14.jar!/fxglassets/ui/fonts/Abel-Regular.ttf
01:45:33.050 [FXGL Background Thread 4 ] DEBUG FXGLAssetLoaderServi - Loading from file system: jar:file:/C:/Users/Reda/.m2/repository/com/github/almasb/fxgl/11.14/fxgl-11.14.jar!/fxglassets/ui/fonts/lucida_console.ttf
01:45:33.067 [FXGL Background Thread 4 ] DEBUG FXGLAssetLoaderServi - Loading from file system: jar:file:/C:/Users/Reda/.m2/repository/com/github/almasb/fxgl/11.14/fxgl-11.14.jar!/fxglassets/ui/fonts/Courier-Prime.ttf
01:45:33.087 [JavaFX Application Thread] DEBUG FXGLApplication      - Registering font factories with UI factory
01:45:35.921 [FXGL Background Thread 3 ] DEBUG Engine               - Logging environment variables
01:45:35.921 [FXGL Background Thread 3 ] DEBUG Engine               - achievements: []
01:45:35.921 [FXGL Background Thread 3 ] DEBUG Engine               - actualHeight: 800.0
01:45:35.921 [FXGL Background Thread 3 ] DEBUG Engine               - actualHeightProperty: ReadOnlyDoubleProperty [value: 800.0]
01:45:35.921 [FXGL Background Thread 3 ] DEBUG Engine               - actualWidth: 800.0
01:45:35.922 [FXGL Background Thread 3 ] DEBUG Engine               - actualWidthProperty: ReadOnlyDoubleProperty [value: 800.0]
01:45:35.922 [FXGL Background Thread 3 ] DEBUG Engine               - appIcon: fxgl_icon.png
01:45:35.922 [FXGL Background Thread 3 ] DEBUG Engine               - applicationMode: DEVELOPER
01:45:35.922 [FXGL Background Thread 3 ] DEBUG Engine               - cSSList: [fxgl_dark.css]
01:45:35.922 [FXGL Background Thread 3 ] DEBUG Engine               - collisionDetectionStrategy: BRUTE_FORCE
01:45:35.922 [FXGL Background Thread 3 ] DEBUG Engine               - configClass: Optional.empty
01:45:35.922 [FXGL Background Thread 3 ] DEBUG Engine               - credits: []
01:45:35.923 [FXGL Background Thread 3 ] DEBUG Engine               - devBBoxColorProperty: ObjectProperty [value: 0xff0000ff]
01:45:35.923 [FXGL Background Thread 3 ] DEBUG Engine               - devEnableDebugCameraProperty: BooleanProperty [value: false]
01:45:35.923 [FXGL Background Thread 3 ] DEBUG Engine               - devSensorColorProperty: ObjectProperty [value: 0xffff00ff]
01:45:35.923 [FXGL Background Thread 3 ] DEBUG Engine               - devShowBBoxProperty: BooleanProperty [value: false]
01:45:35.923 [FXGL Background Thread 3 ] DEBUG Engine               - devShowPositionProperty: BooleanProperty [value: false]
01:45:35.923 [FXGL Background Thread 3 ] DEBUG Engine               - enabledMenuItems: []
01:45:35.923 [FXGL Background Thread 3 ] DEBUG Engine               - engineServices: [class com.almasb.fxgl.app.services.FXGLAssetLoaderService, class com.almasb.fxgl.app.FXGLApplication$GameApplicationService, class com.almasb.fxgl.app.services.FXGLDialogService, class com.almasb.fxgl.app.services.IOTaskExecutorService, class com.almasb.fxgl.event.EventBusService, class com.almasb.fxgl.io.FileSystemService, class com.almasb.fxgl.localization.LocalizationService, class com.almasb.fxgl.app.services.SystemBundleService, class com.almasb.fxgl.profile.SaveLoadService, class com.almasb.fxgl.ui.FXGLUIFactoryServiceProvider, class com.almasb.fxgl.ui.FXGLDialogFactoryServiceProvider, class com.almasb.fxgl.audio.AudioPlayer, class com.almasb.fxgl.notification.impl.NotificationServiceProvider, class com.almasb.fxgl.achievement.AchievementService, class com.almasb.fxgl.cutscene.CutsceneService, class com.almasb.fxgl.minigames.MiniGameService, class com.almasb.fxgl.net.NetService, class com.almasb.fxgl.app.services.UpdaterService, class com.almasb.fxgl.dev.DevService]
01:45:35.923 [FXGL Background Thread 3 ] DEBUG Engine               - fontGame: Abel-Regular.ttf
01:45:35.923 [FXGL Background Thread 3 ] DEBUG Engine               - fontMono: lucida_console.ttf
01:45:35.923 [FXGL Background Thread 3 ] DEBUG Engine               - fontText: Courier-Prime.ttf
01:45:35.924 [FXGL Background Thread 3 ] DEBUG Engine               - fontUI: VarelaRound-Regular.ttf
01:45:35.924 [FXGL Background Thread 3 ] DEBUG Engine               - fullScreen: BooleanProperty [value: false]
01:45:35.924 [FXGL Background Thread 3 ] DEBUG Engine               - gameDifficulty: MEDIUM
01:45:35.924 [FXGL Background Thread 3 ] DEBUG Engine               - gameDifficultyProperty: ObjectProperty [value: MEDIUM]
01:45:35.924 [FXGL Background Thread 3 ] DEBUG Engine               - globalMusicVolume: 0.5
01:45:35.924 [FXGL Background Thread 3 ] DEBUG Engine               - globalMusicVolumeProperty: DoubleProperty [value: 0.5]
01:45:35.924 [FXGL Background Thread 3 ] DEBUG Engine               - globalSoundVolume: 0.5
01:45:35.924 [FXGL Background Thread 3 ] DEBUG Engine               - globalSoundVolumeProperty: DoubleProperty [value: 0.5]
01:45:35.925 [FXGL Background Thread 3 ] DEBUG Engine               - height: 800
01:45:35.925 [FXGL Background Thread 3 ] DEBUG Engine               - isAndroid: false
01:45:35.925 [FXGL Background Thread 3 ] DEBUG Engine               - isBrowser: false
01:45:35.925 [FXGL Background Thread 3 ] DEBUG Engine               - isClickFeedbackEnabled: false
01:45:35.925 [FXGL Background Thread 3 ] DEBUG Engine               - isCloseConfirmation: false
01:45:35.925 [FXGL Background Thread 3 ] DEBUG Engine               - isDesktop: true
01:45:35.925 [FXGL Background Thread 3 ] DEBUG Engine               - isDeveloperMenuEnabled: false
01:45:35.925 [FXGL Background Thread 3 ] DEBUG Engine               - isEntityPreloadEnabled: true
01:45:35.925 [FXGL Background Thread 3 ] DEBUG Engine               - isExperimental3D: false
01:45:35.925 [FXGL Background Thread 3 ] DEBUG Engine               - isExperimentalNative: false
01:45:35.925 [FXGL Background Thread 3 ] DEBUG Engine               - isExperimentalTiledLargeMap: false
01:45:35.925 [FXGL Background Thread 3 ] DEBUG Engine               - isFileSystemWriteAllowed: true
01:45:35.926 [FXGL Background Thread 3 ] DEBUG Engine               - isFullScreenAllowed: false
01:45:35.926 [FXGL Background Thread 3 ] DEBUG Engine               - isFullScreenFromStart: false
01:45:35.926 [FXGL Background Thread 3 ] DEBUG Engine               - isGameMenuEnabled: true
01:45:35.926 [FXGL Background Thread 3 ] DEBUG Engine               - isIOS: false
01:45:35.926 [FXGL Background Thread 3 ] DEBUG Engine               - isIntroEnabled: false
01:45:35.926 [FXGL Background Thread 3 ] DEBUG Engine               - isLinux: false
01:45:35.926 [FXGL Background Thread 3 ] DEBUG Engine               - isMac: false
01:45:35.926 [FXGL Background Thread 3 ] DEBUG Engine               - isMainMenuEnabled: false
01:45:35.926 [FXGL Background Thread 3 ] DEBUG Engine               - isManualResizeEnabled: false
01:45:35.926 [FXGL Background Thread 3 ] DEBUG Engine               - isMobile: false
01:45:35.926 [FXGL Background Thread 3 ] DEBUG Engine               - isPreserveResizeRatio: false
01:45:35.926 [FXGL Background Thread 3 ] DEBUG Engine               - isProfilingEnabled: false
01:45:35.927 [FXGL Background Thread 3 ] DEBUG Engine               - isScaleAffectedOnResize: true
01:45:35.927 [FXGL Background Thread 3 ] DEBUG Engine               - isSingleStep: false
01:45:35.927 [FXGL Background Thread 3 ] DEBUG Engine               - isUserProfileEnabled: false
01:45:35.927 [FXGL Background Thread 3 ] DEBUG Engine               - isWindows: true
01:45:35.927 [FXGL Background Thread 3 ] DEBUG Engine               - language: ObjectProperty [value: ENGLISH]
01:45:35.927 [FXGL Background Thread 3 ] DEBUG Engine               - menuKey: ESCAPE
01:45:35.927 [FXGL Background Thread 3 ] DEBUG Engine               - notificationViewClass: class com.almasb.fxgl.notification.view.XboxNotificationView
01:45:35.927 [FXGL Background Thread 3 ] DEBUG Engine               - pixelsPerMeter: 50.0
01:45:35.928 [FXGL Background Thread 3 ] DEBUG Engine               - platform: WINDOWS
01:45:35.928 [FXGL Background Thread 3 ] DEBUG Engine               - prefHeightProperty: ReadOnlyDoubleProperty [value: 800.0]
01:45:35.928 [FXGL Background Thread 3 ] DEBUG Engine               - prefWidthProperty: ReadOnlyDoubleProperty [value: 800.0]
01:45:35.928 [FXGL Background Thread 3 ] DEBUG Engine               - profileDir: profiles/
01:45:35.928 [FXGL Background Thread 3 ] DEBUG Engine               - profileName: StringProperty [value: DEFAULT]
01:45:35.928 [FXGL Background Thread 3 ] DEBUG Engine               - randomSeed: -1
01:45:35.928 [FXGL Background Thread 3 ] DEBUG Engine               - runtimeInfo: RuntimeInfo(platform=WINDOWS, version=11.14, build=01.03.2021 16.59)
01:45:35.928 [FXGL Background Thread 3 ] DEBUG Engine               - saveFileExt: sav
01:45:35.928 [FXGL Background Thread 3 ] DEBUG Engine               - scaledHeightProp$fxgl: DoubleProperty [bound, value: 800.0]
01:45:35.928 [FXGL Background Thread 3 ] DEBUG Engine               - scaledWidthProp$fxgl: DoubleProperty [bound, value: 800.0]
01:45:35.928 [FXGL Background Thread 3 ] DEBUG Engine               - sceneFactory: com.almasb.fxgl.app.scene.SceneFactory@10b07a92
01:45:35.928 [FXGL Background Thread 3 ] DEBUG Engine               - secondsIn24h: 60
01:45:35.929 [FXGL Background Thread 3 ] DEBUG Engine               - soundMenuBack: menu/back.wav
01:45:35.929 [FXGL Background Thread 3 ] DEBUG Engine               - soundMenuPress: menu/press.wav
01:45:35.929 [FXGL Background Thread 3 ] DEBUG Engine               - soundMenuSelect: menu/select.wav
01:45:35.929 [FXGL Background Thread 3 ] DEBUG Engine               - soundNotification: core/notification.wav
01:45:35.929 [FXGL Background Thread 3 ] DEBUG Engine               - stageStyle: DECORATED
01:45:35.929 [FXGL Background Thread 3 ] DEBUG Engine               - supportedLanguages: [ENGLISH, FRENCH, GERMAN, HUNGARIAN, RUSSIAN]
01:45:35.929 [FXGL Background Thread 3 ] DEBUG Engine               - ticksPerSecond: -1
01:45:35.929 [FXGL Background Thread 3 ] DEBUG Engine               - title: Test project
01:45:35.929 [FXGL Background Thread 3 ] DEBUG Engine               - urlGithub: https://github.com/AlmasB/FXGL
01:45:35.929 [FXGL Background Thread 3 ] DEBUG Engine               - urlLeaderboard: http://fxgl-top.herokuapp.com/
01:45:35.930 [FXGL Background Thread 3 ] DEBUG Engine               - urlPOM: https://raw.githubusercontent.com/AlmasB/FXGL/release/README.md
01:45:35.930 [FXGL Background Thread 3 ] DEBUG Engine               - userAppClass: class Game
01:45:35.930 [FXGL Background Thread 3 ] DEBUG Engine               - version: 0.0
01:45:35.930 [FXGL Background Thread 3 ] DEBUG Engine               - versionCheckDays: 7
01:45:35.930 [FXGL Background Thread 3 ] DEBUG Engine               - width: 800
01:45:35.930 [FXGL Background Thread 3 ] DEBUG Engine               - Logging services
01:45:35.930 [FXGL Background Thread 3 ] DEBUG Engine               - class com.almasb.fxgl.app.services.FXGLAssetLoaderService
01:45:35.930 [FXGL Background Thread 3 ] DEBUG Engine               - class com.almasb.fxgl.app.FXGLApplication$GameApplicationService
01:45:35.930 [FXGL Background Thread 3 ] DEBUG Engine               - class com.almasb.fxgl.app.services.FXGLDialogService
01:45:35.930 [FXGL Background Thread 3 ] DEBUG Engine               - class com.almasb.fxgl.app.services.IOTaskExecutorService
01:45:35.931 [FXGL Background Thread 3 ] DEBUG Engine               - class com.almasb.fxgl.event.EventBusService
01:45:35.931 [FXGL Background Thread 3 ] DEBUG Engine               - class com.almasb.fxgl.io.FileSystemService
01:45:35.931 [FXGL Background Thread 3 ] DEBUG Engine               - class com.almasb.fxgl.localization.LocalizationService
01:45:35.931 [FXGL Background Thread 3 ] DEBUG Engine               - class com.almasb.fxgl.app.services.SystemBundleService
01:45:35.931 [FXGL Background Thread 3 ] DEBUG Engine               - class com.almasb.fxgl.profile.SaveLoadService
01:45:35.931 [FXGL Background Thread 3 ] DEBUG Engine               - class com.almasb.fxgl.ui.FXGLUIFactoryServiceProvider
01:45:35.931 [FXGL Background Thread 3 ] DEBUG Engine               - class com.almasb.fxgl.ui.FXGLDialogFactoryServiceProvider
01:45:35.931 [FXGL Background Thread 3 ] DEBUG Engine               - class com.almasb.fxgl.audio.AudioPlayer
01:45:35.931 [FXGL Background Thread 3 ] DEBUG Engine               - class com.almasb.fxgl.notification.impl.NotificationServiceProvider
01:45:35.931 [FXGL Background Thread 3 ] DEBUG Engine               - class com.almasb.fxgl.achievement.AchievementService
01:45:35.931 [FXGL Background Thread 3 ] DEBUG Engine               - class com.almasb.fxgl.cutscene.CutsceneService
01:45:35.932 [FXGL Background Thread 3 ] DEBUG Engine               - class com.almasb.fxgl.minigames.MiniGameService
01:45:35.932 [FXGL Background Thread 3 ] DEBUG Engine               - class com.almasb.fxgl.net.NetService
01:45:35.932 [FXGL Background Thread 3 ] DEBUG Engine               - class com.almasb.fxgl.app.services.UpdaterService
01:45:35.932 [FXGL Background Thread 3 ] DEBUG Engine               - class com.almasb.fxgl.dev.DevService
01:46:04.670 [JavaFX Application Thread] DEBUG FXGLApplication      - Exiting FXGL
01:46:04.670 [JavaFX Application Thread] DEBUG LoopRunner           - Stopping loop
01:46:04.670 [JavaFX Application Thread] DEBUG SystemBundleService  - Saving FXGL system data
01:46:04.672 [JavaFX Application Thread] DEBUG FileSystemAccess     - Writing to: C:\Users\Reda\Desktop\Test\TestGameFXGL\system\fxgl.bundle
01:46:04.673 [JavaFX Application Thread] DEBUG Async                - Shutting down background threads
01:46:04.673 [JavaFX Application Thread] DEBUG PrimaryStageWindow   - Closing main window
01:46:04.686 [JavaFX Application Thread] DEBUG Logger               - Closing Logger
