01:39:42.973 [main                     ] DEBUG Logger               - Configured Logger
01:39:42.977 [main                     ] DEBUG GameApplication      - Logging settings
Title: Test project
Version: 0.0
Width: 800
Height: 800
Fullscreen: false
Intro: false
Profiling: false
Single step:false
App Mode: DEVELOPER
Menu Key: ESCAPE
Stage Style: DECORATED
Scene Factory: class com.almasb.fxgl.app.scene.SceneFactory

01:39:43.287 [JavaFX Application Thread] DEBUG FXGLApplication      - Initializing FXGL
01:39:43.289 [JavaFX Application Thread] INFO  Engine               - FXGL-11.14 (01.03.2021 16.59) on WINDOWS (J:15.0.1 FX:11.0.2)
01:39:43.289 [JavaFX Application Thread] DEBUG Engine               - JRE Vendor Name: Oracle Corporation
01:39:43.290 [JavaFX Application Thread] DEBUG Engine               - Running on OS: Windows 10 version 10.0
01:39:43.290 [JavaFX Application Thread] DEBUG Engine               - Architecture: amd64
01:39:43.290 [JavaFX Application Thread] INFO  Engine               - Source code and latest versions at: https://github.com/AlmasB/FXGL
01:39:43.290 [JavaFX Application Thread] INFO  Engine               -              Join the FXGL chat at: https://gitter.im/AlmasB/FXGL
01:39:43.380 [JavaFX Application Thread] DEBUG PrimaryStageWindow   - Creating a JavaFX scene
01:39:43.420 [JavaFX Application Thread] DEBUG PrimaryStageWindow   - Target settings size: 800.0 x 800.0
01:39:43.421 [JavaFX Application Thread] DEBUG PrimaryStageWindow   - Scaled scene size:    800.0 x 800.0
01:39:43.421 [JavaFX Application Thread] DEBUG PrimaryStageWindow   - Scaled ratio: (1.0, 1.0)
01:39:43.421 [JavaFX Application Thread] DEBUG PrimaryStageWindow   - Set initial scene to FXGLStartupScene
01:39:43.427 [JavaFX Application Thread] DEBUG PrimaryStageWindow   - Opening main window
01:39:43.502 [JavaFX Application Thread] DEBUG PrimaryStageWindow   - Window border size: (16.0, 39.0)
01:39:43.502 [JavaFX Application Thread] DEBUG PrimaryStageWindow   - Scaled size: 800.0 x 800.0
01:39:43.502 [JavaFX Application Thread] DEBUG PrimaryStageWindow   - Scaled ratio: (1.0, 1.0)
01:39:43.503 [JavaFX Application Thread] DEBUG PrimaryStageWindow   - Scene size: 800.0 x 800.0
01:39:43.503 [JavaFX Application Thread] DEBUG PrimaryStageWindow   - Stage size: 816.0 x 839.0
01:39:43.509 [FXGL Background Thread 1 ] DEBUG Engine               - Initializing environment variables
01:39:43.554 [FXGL Background Thread 1 ] DEBUG FXGLAssetLoaderServi - User app class for loading assets: class Game
01:39:43.554 [FXGL Background Thread 1 ] DEBUG GameApplicationServi - Applying CSS: fxgl_dark.css
01:39:43.557 [FXGL Background Thread 1 ] DEBUG FXGLAssetLoaderServi - Loading from file system: jar:file:/C:/Users/Reda/.m2/repository/com/github/almasb/fxgl/11.14/fxgl-11.14.jar!/fxglassets/ui/css/fxgl_dark.css
01:39:43.602 [FXGL Background Thread 1 ] DEBUG GameApplicationServi - Initializing application scenes
01:39:43.632 [FXGL Background Thread 1 ] DEBUG GameWorld            - Game world initialized
01:39:43.701 [FXGL Background Thread 1 ] DEBUG PhysicsWorld         - Physics world initialized: appHeight=800, physics.ppm=50.0
01:39:43.702 [FXGL Background Thread 1 ] DEBUG PhysicsWorld         - Using strategy: BRUTE_FORCE
01:39:43.704 [FXGL Background Thread 1 ] DEBUG GameScene            - Game scene initialized: 800x800
01:39:43.742 [FXGL Background Thread 1 ] DEBUG FXGLAssetLoaderServi - Loading from file system: jar:file:/C:/Users/Reda/.m2/repository/com/github/almasb/fxgl/11.14/fxgl-11.14.jar!/fxglassets/textures/particles/trace_horizontal.png
01:39:43.804 [FXGL Background Thread 1 ] DEBUG FXGL.DefaultMenu     - createMenuBodyGameMenu()
01:39:43.817 [FXGL Background Thread 1 ] DEBUG FXGL.DefaultMenu     - createOptionsMenu()
01:39:43.824 [FXGL Background Thread 1 ] DEBUG FXGLAssetLoaderServi - Loading from file system: jar:file:/C:/Users/Reda/.m2/repository/com/github/almasb/fxgl/11.14/fxgl-11.14.jar!/fxglassets/textures/particles/smoke.png
01:39:43.880 [FXGL Background Thread 1 ] DEBUG GameApplicationServi - Application scenes initialized
01:39:43.889 [FXGL Background Thread 1 ] DEBUG SystemBundleService  - Loading FXGL system data
01:39:43.893 [FXGL Background Thread 1 ] DEBUG FileSystemAccess     - Reading from: C:\Users\Reda\Desktop\Test\TestGameFXGL\system\fxgl.bundle
01:39:43.902 [FXGL Background Thread 1 ] DEBUG SystemBundleService  - Bundle FXGL: {}
01:39:43.902 [FXGL Background Thread 1 ] DEBUG UpdaterService       - Checking for updates
01:39:43.907 [FXGL Background Thread 4 ] DEBUG FXGLApplication      - Loading fonts
01:39:43.908 [FXGL Background Thread 1 ] DEBUG FXGLApplication      - Loading default localization
01:39:43.908 [FXGL Background Thread 4 ] DEBUG FXGLAssetLoaderServi - Loading from file system: jar:file:/C:/Users/Reda/.m2/repository/com/github/almasb/fxgl/11.14/fxgl-11.14.jar!/fxglassets/ui/fonts/VarelaRound-Regular.ttf
01:39:43.909 [FXGL Background Thread 1 ] DEBUG FXGLAssetLoaderServi - Loading from file system: jar:file:/C:/Users/Reda/.m2/repository/com/github/almasb/fxgl/11.14/fxgl-11.14.jar!/fxglassets/languages/english.lang
01:39:43.925 [FXGL Background Thread 1 ] INFO  FXGLApplication      - FXGL initialization took: 0.416 sec
01:39:43.937 [JavaFX Application Thread] DEBUG Input                - Registered new binding: action0 - W
01:39:43.938 [JavaFX Application Thread] DEBUG Input                - Registered new binding: action1 - A
01:39:43.938 [JavaFX Application Thread] DEBUG Input                - Registered new binding: action2 - S
01:39:43.938 [JavaFX Application Thread] DEBUG Input                - Registered new binding: action3 - D
01:39:43.939 [JavaFX Application Thread] DEBUG FXGLAssetLoaderServi - Loading from file system: jar:file:/C:/Users/Reda/.m2/repository/com/github/almasb/fxgl/11.14/fxgl-11.14.jar!/fxglassets/textures/fxgl_icon.png
01:39:43.962 [JavaFX Application Thread] DEBUG FXGLAssetLoaderServi - Loading from file system: jar:file:/C:/Users/Reda/.m2/repository/com/github/almasb/fxgl/11.14/fxgl-11.14.jar!/fxglassets/ui/cursors/fxgl_default.png
01:39:43.964 [JavaFX Application Thread] DEBUG Input                - Registered new binding: Screenshot - P
01:39:43.965 [JavaFX Application Thread] DEBUG Input                - Registered new binding: System info dump - CTRL+9
01:39:43.965 [JavaFX Application Thread] DEBUG Input                - Registered new binding: Restart - CTRL+R
01:39:43.966 [JavaFX Application Thread] DEBUG Input                - Registered new binding: Toggle Debug Camera - CTRL+C
01:39:43.968 [JavaFX Application Thread] DEBUG LoopRunner           - Starting loop
01:39:43.969 [JavaFX Application Thread] DEBUG LoopRunner           - Initializing JavaFX AnimationTimerLoop
01:39:43.970 [JavaFX Application Thread] DEBUG GameApplicationServi - Starting new game
01:39:43.970 [JavaFX Application Thread] DEBUG Input                - Clearing active input actions
01:39:43.981 [JavaFX Application Thread] DEBUG GameApplicationServi - Removing overlay from FXGLStartupScene and adding to FXGLLoadingScene
01:39:43.982 [JavaFX Application Thread] DEBUG PrimaryStageWindow   - FXGLStartupScene -> FXGLLoadingScene
01:39:43.982 [JavaFX Application Thread] DEBUG GameApplicationServi - Clearing previous game
01:39:43.982 [JavaFX Application Thread] DEBUG GameScene            - Clearing game scene
01:39:43.982 [JavaFX Application Thread] DEBUG GameWorld            - Clearing game world
01:39:43.982 [JavaFX Application Thread] DEBUG PhysicsWorld         - Clearing physics world
01:39:43.984 [FXGL Background Thread 1 ] DEBUG FXGLApplication      - Initializing game
01:39:43.986 [FXGL Background Thread 1 ] DEBUG FXGLAssetLoaderServi - Loading from file system: file:/C:/Users/Reda/Desktop/Test/TestGameFXGL/target/classes/assets/textures/koen_warner.png
01:39:44.003 [FXGL Background Thread 1 ] INFO  FXGLApplication      - Game initialization took: 0.019 sec
01:39:44.019 [JavaFX Application Thread] DEBUG Input                - Clearing active input actions
01:39:44.027 [FXGL Background Thread 4 ] DEBUG FXGLAssetLoaderServi - Loading from file system: jar:file:/C:/Users/Reda/.m2/repository/com/github/almasb/fxgl/11.14/fxgl-11.14.jar!/fxglassets/ui/fonts/Abel-Regular.ttf
01:39:44.031 [JavaFX Application Thread] DEBUG GameApplicationServi - Removing overlay from FXGLLoadingScene and adding to GameScene
01:39:44.031 [JavaFX Application Thread] DEBUG PrimaryStageWindow   - FXGLLoadingScene -> GameScene
01:39:44.040 [FXGL Background Thread 4 ] DEBUG FXGLAssetLoaderServi - Loading from file system: jar:file:/C:/Users/Reda/.m2/repository/com/github/almasb/fxgl/11.14/fxgl-11.14.jar!/fxglassets/ui/fonts/lucida_console.ttf
01:39:44.056 [FXGL Background Thread 4 ] DEBUG FXGLAssetLoaderServi - Loading from file system: jar:file:/C:/Users/Reda/.m2/repository/com/github/almasb/fxgl/11.14/fxgl-11.14.jar!/fxglassets/ui/fonts/Courier-Prime.ttf
01:39:44.089 [JavaFX Application Thread] DEBUG FXGLApplication      - Registering font factories with UI factory
01:39:46.623 [JavaFX Application Thread] DEBUG FXGLApplication      - Exiting FXGL
01:39:46.624 [JavaFX Application Thread] DEBUG LoopRunner           - Stopping loop
01:39:46.624 [JavaFX Application Thread] DEBUG SystemBundleService  - Saving FXGL system data
01:39:46.625 [JavaFX Application Thread] DEBUG FileSystemAccess     - Writing to: C:\Users\Reda\Desktop\Test\TestGameFXGL\system\fxgl.bundle
01:39:46.626 [JavaFX Application Thread] DEBUG Async                - Shutting down background threads
01:39:46.627 [JavaFX Application Thread] DEBUG PrimaryStageWindow   - Closing main window
01:39:46.639 [JavaFX Application Thread] DEBUG Logger               - Closing Logger
