01:23:18.610 [main                     ] DEBUG Logger               - Configured Logger
01:23:18.613 [main                     ] DEBUG GameApplication      - Logging settings
Title: Test project
Version: 0.0
Width: 800
Height: 800
Fullscreen: false
Intro: false
Profiling: false
Single step:false
App Mode: DEVELOPER
Menu Key: ESCAPE
Stage Style: DECORATED
Scene Factory: class com.almasb.fxgl.app.scene.SceneFactory

01:23:18.891 [JavaFX Application Thread] DEBUG FXGLApplication      - Initializing FXGL
01:23:18.894 [JavaFX Application Thread] INFO  Engine               - FXGL-11.14 (01.03.2021 16.59) on WINDOWS (J:15.0.1 FX:11.0.2)
01:23:18.894 [JavaFX Application Thread] DEBUG Engine               - JRE Vendor Name: Oracle Corporation
01:23:18.894 [JavaFX Application Thread] DEBUG Engine               - Running on OS: Windows 10 version 10.0
01:23:18.894 [JavaFX Application Thread] DEBUG Engine               - Architecture: amd64
01:23:18.894 [JavaFX Application Thread] INFO  Engine               - Source code and latest versions at: https://github.com/AlmasB/FXGL
01:23:18.894 [JavaFX Application Thread] INFO  Engine               -              Join the FXGL chat at: https://gitter.im/AlmasB/FXGL
01:23:18.977 [JavaFX Application Thread] DEBUG PrimaryStageWindow   - Creating a JavaFX scene
01:23:19.011 [JavaFX Application Thread] DEBUG PrimaryStageWindow   - Target settings size: 800.0 x 800.0
01:23:19.011 [JavaFX Application Thread] DEBUG PrimaryStageWindow   - Scaled scene size:    800.0 x 800.0
01:23:19.011 [JavaFX Application Thread] DEBUG PrimaryStageWindow   - Scaled ratio: (1.0, 1.0)
01:23:19.012 [JavaFX Application Thread] DEBUG PrimaryStageWindow   - Set initial scene to FXGLStartupScene
01:23:19.017 [JavaFX Application Thread] DEBUG PrimaryStageWindow   - Opening main window
01:23:19.079 [JavaFX Application Thread] DEBUG PrimaryStageWindow   - Window border size: (16.0, 39.0)
01:23:19.079 [JavaFX Application Thread] DEBUG PrimaryStageWindow   - Scaled size: 800.0 x 800.0
01:23:19.079 [JavaFX Application Thread] DEBUG PrimaryStageWindow   - Scaled ratio: (1.0, 1.0)
01:23:19.079 [JavaFX Application Thread] DEBUG PrimaryStageWindow   - Scene size: 800.0 x 800.0
01:23:19.080 [JavaFX Application Thread] DEBUG PrimaryStageWindow   - Stage size: 816.0 x 839.0
01:23:19.087 [FXGL Background Thread 1 ] DEBUG Engine               - Initializing environment variables
01:23:19.123 [FXGL Background Thread 1 ] DEBUG FXGLAssetLoaderServi - User app class for loading assets: class Game
01:23:19.123 [FXGL Background Thread 1 ] DEBUG GameApplicationServi - Applying CSS: fxgl_dark.css
01:23:19.126 [FXGL Background Thread 1 ] DEBUG FXGLAssetLoaderServi - Loading from file system: jar:file:/C:/Users/Reda/.m2/repository/com/github/almasb/fxgl/11.14/fxgl-11.14.jar!/fxglassets/ui/css/fxgl_dark.css
01:23:19.168 [FXGL Background Thread 1 ] DEBUG GameApplicationServi - Initializing application scenes
01:23:19.209 [FXGL Background Thread 1 ] DEBUG GameWorld            - Game world initialized
01:23:19.279 [FXGL Background Thread 1 ] DEBUG PhysicsWorld         - Physics world initialized: appHeight=800, physics.ppm=50.0
01:23:19.280 [FXGL Background Thread 1 ] DEBUG PhysicsWorld         - Using strategy: BRUTE_FORCE
01:23:19.283 [FXGL Background Thread 1 ] DEBUG GameScene            - Game scene initialized: 800x800
01:23:19.319 [FXGL Background Thread 1 ] DEBUG FXGLAssetLoaderServi - Loading from file system: jar:file:/C:/Users/Reda/.m2/repository/com/github/almasb/fxgl/11.14/fxgl-11.14.jar!/fxglassets/textures/particles/trace_horizontal.png
01:23:19.361 [FXGL Background Thread 1 ] DEBUG FXGL.DefaultMenu     - createMenuBodyGameMenu()
01:23:19.372 [FXGL Background Thread 1 ] DEBUG FXGL.DefaultMenu     - createOptionsMenu()
01:23:19.378 [FXGL Background Thread 1 ] DEBUG FXGLAssetLoaderServi - Loading from file system: jar:file:/C:/Users/Reda/.m2/repository/com/github/almasb/fxgl/11.14/fxgl-11.14.jar!/fxglassets/textures/particles/smoke.png
01:23:19.416 [FXGL Background Thread 1 ] DEBUG GameApplicationServi - Application scenes initialized
01:23:19.424 [FXGL Background Thread 1 ] DEBUG SystemBundleService  - Loading FXGL system data
01:23:19.428 [FXGL Background Thread 1 ] DEBUG FileSystemAccess     - Reading from: C:\Users\Reda\Desktop\Test\TestGameFXGL\system\fxgl.bundle
01:23:19.434 [FXGL Background Thread 1 ] DEBUG SystemBundleService  - Bundle FXGL: {}
01:23:19.434 [FXGL Background Thread 1 ] DEBUG UpdaterService       - Checking for updates
01:23:19.438 [FXGL Background Thread 4 ] DEBUG FXGLApplication      - Loading fonts
01:23:19.438 [FXGL Background Thread 4 ] DEBUG FXGLAssetLoaderServi - Loading from file system: jar:file:/C:/Users/Reda/.m2/repository/com/github/almasb/fxgl/11.14/fxgl-11.14.jar!/fxglassets/ui/fonts/VarelaRound-Regular.ttf
01:23:19.438 [FXGL Background Thread 1 ] DEBUG FXGLApplication      - Loading default localization
01:23:19.439 [FXGL Background Thread 1 ] DEBUG FXGLAssetLoaderServi - Loading from file system: jar:file:/C:/Users/Reda/.m2/repository/com/github/almasb/fxgl/11.14/fxgl-11.14.jar!/fxglassets/languages/english.lang
01:23:19.452 [FXGL Background Thread 1 ] INFO  FXGLApplication      - FXGL initialization took: 0.366 sec
01:23:19.464 [JavaFX Application Thread] DEBUG Input                - Registered new binding: action0 - W
01:23:19.464 [JavaFX Application Thread] DEBUG Input                - Registered new binding: action1 - A
01:23:19.464 [JavaFX Application Thread] DEBUG Input                - Registered new binding: action2 - S
01:23:19.465 [JavaFX Application Thread] DEBUG Input                - Registered new binding: action3 - D
01:23:19.465 [JavaFX Application Thread] DEBUG FXGLAssetLoaderServi - Loading from file system: jar:file:/C:/Users/Reda/.m2/repository/com/github/almasb/fxgl/11.14/fxgl-11.14.jar!/fxglassets/textures/fxgl_icon.png
01:23:19.491 [JavaFX Application Thread] DEBUG FXGLAssetLoaderServi - Loading from file system: jar:file:/C:/Users/Reda/.m2/repository/com/github/almasb/fxgl/11.14/fxgl-11.14.jar!/fxglassets/ui/cursors/fxgl_default.png
01:23:19.492 [JavaFX Application Thread] DEBUG Input                - Registered new binding: Screenshot - P
01:23:19.493 [JavaFX Application Thread] DEBUG Input                - Registered new binding: System info dump - CTRL+9
01:23:19.494 [JavaFX Application Thread] DEBUG Input                - Registered new binding: Restart - CTRL+R
01:23:19.495 [JavaFX Application Thread] DEBUG Input                - Registered new binding: Toggle Debug Camera - CTRL+C
01:23:19.497 [JavaFX Application Thread] DEBUG LoopRunner           - Starting loop
01:23:19.498 [JavaFX Application Thread] DEBUG LoopRunner           - Initializing JavaFX AnimationTimerLoop
01:23:19.499 [JavaFX Application Thread] DEBUG GameApplicationServi - Starting new game
01:23:19.500 [JavaFX Application Thread] DEBUG Input                - Clearing active input actions
01:23:19.512 [JavaFX Application Thread] DEBUG GameApplicationServi - Removing overlay from FXGLStartupScene and adding to FXGLLoadingScene
01:23:19.512 [JavaFX Application Thread] DEBUG PrimaryStageWindow   - FXGLStartupScene -> FXGLLoadingScene
01:23:19.513 [JavaFX Application Thread] DEBUG GameApplicationServi - Clearing previous game
01:23:19.514 [JavaFX Application Thread] DEBUG GameScene            - Clearing game scene
01:23:19.514 [JavaFX Application Thread] DEBUG GameWorld            - Clearing game world
01:23:19.514 [JavaFX Application Thread] DEBUG PhysicsWorld         - Clearing physics world
01:23:19.515 [FXGL Background Thread 1 ] DEBUG FXGLApplication      - Initializing game
01:23:19.524 [FXGL Background Thread 1 ] INFO  FXGLApplication      - Game initialization took: 0.008 sec
01:23:19.552 [JavaFX Application Thread] DEBUG Input                - Clearing active input actions
01:23:19.560 [JavaFX Application Thread] DEBUG GameApplicationServi - Removing overlay from FXGLLoadingScene and adding to GameScene
01:23:19.560 [JavaFX Application Thread] DEBUG PrimaryStageWindow   - FXGLLoadingScene -> GameScene
01:23:19.561 [FXGL Background Thread 4 ] DEBUG FXGLAssetLoaderServi - Loading from file system: jar:file:/C:/Users/Reda/.m2/repository/com/github/almasb/fxgl/11.14/fxgl-11.14.jar!/fxglassets/ui/fonts/Abel-Regular.ttf
01:23:19.576 [FXGL Background Thread 4 ] DEBUG FXGLAssetLoaderServi - Loading from file system: jar:file:/C:/Users/Reda/.m2/repository/com/github/almasb/fxgl/11.14/fxgl-11.14.jar!/fxglassets/ui/fonts/lucida_console.ttf
01:23:19.596 [FXGL Background Thread 4 ] DEBUG FXGLAssetLoaderServi - Loading from file system: jar:file:/C:/Users/Reda/.m2/repository/com/github/almasb/fxgl/11.14/fxgl-11.14.jar!/fxglassets/ui/fonts/Courier-Prime.ttf
01:23:19.626 [JavaFX Application Thread] DEBUG FXGLApplication      - Registering font factories with UI factory
01:23:22.437 [FXGL Background Thread 3 ] DEBUG Engine               - Logging environment variables
01:23:22.437 [FXGL Background Thread 3 ] DEBUG Engine               - achievements: []
01:23:22.437 [FXGL Background Thread 3 ] DEBUG Engine               - actualHeight: 800.0
01:23:22.437 [FXGL Background Thread 3 ] DEBUG Engine               - actualHeightProperty: ReadOnlyDoubleProperty [value: 800.0]
01:23:22.437 [FXGL Background Thread 3 ] DEBUG Engine               - actualWidth: 800.0
01:23:22.438 [FXGL Background Thread 3 ] DEBUG Engine               - actualWidthProperty: ReadOnlyDoubleProperty [value: 800.0]
01:23:22.438 [FXGL Background Thread 3 ] DEBUG Engine               - appIcon: fxgl_icon.png
01:23:22.438 [FXGL Background Thread 3 ] DEBUG Engine               - applicationMode: DEVELOPER
01:23:22.438 [FXGL Background Thread 3 ] DEBUG Engine               - cSSList: [fxgl_dark.css]
01:23:22.438 [FXGL Background Thread 3 ] DEBUG Engine               - collisionDetectionStrategy: BRUTE_FORCE
01:23:22.438 [FXGL Background Thread 3 ] DEBUG Engine               - configClass: Optional.empty
01:23:22.438 [FXGL Background Thread 3 ] DEBUG Engine               - credits: []
01:23:22.438 [FXGL Background Thread 3 ] DEBUG Engine               - devBBoxColorProperty: ObjectProperty [value: 0xff0000ff]
01:23:22.438 [FXGL Background Thread 3 ] DEBUG Engine               - devEnableDebugCameraProperty: BooleanProperty [value: false]
01:23:22.439 [FXGL Background Thread 3 ] DEBUG Engine               - devSensorColorProperty: ObjectProperty [value: 0xffff00ff]
01:23:22.439 [FXGL Background Thread 3 ] DEBUG Engine               - devShowBBoxProperty: BooleanProperty [value: false]
01:23:22.439 [FXGL Background Thread 3 ] DEBUG Engine               - devShowPositionProperty: BooleanProperty [value: false]
01:23:22.439 [FXGL Background Thread 3 ] DEBUG Engine               - enabledMenuItems: []
01:23:22.439 [FXGL Background Thread 3 ] DEBUG Engine               - engineServices: [class com.almasb.fxgl.app.services.FXGLAssetLoaderService, class com.almasb.fxgl.app.FXGLApplication$GameApplicationService, class com.almasb.fxgl.app.services.FXGLDialogService, class com.almasb.fxgl.app.services.IOTaskExecutorService, class com.almasb.fxgl.event.EventBusService, class com.almasb.fxgl.io.FileSystemService, class com.almasb.fxgl.localization.LocalizationService, class com.almasb.fxgl.app.services.SystemBundleService, class com.almasb.fxgl.profile.SaveLoadService, class com.almasb.fxgl.ui.FXGLUIFactoryServiceProvider, class com.almasb.fxgl.ui.FXGLDialogFactoryServiceProvider, class com.almasb.fxgl.audio.AudioPlayer, class com.almasb.fxgl.notification.impl.NotificationServiceProvider, class com.almasb.fxgl.achievement.AchievementService, class com.almasb.fxgl.cutscene.CutsceneService, class com.almasb.fxgl.minigames.MiniGameService, class com.almasb.fxgl.net.NetService, class com.almasb.fxgl.app.services.UpdaterService, class com.almasb.fxgl.dev.DevService]
01:23:22.439 [FXGL Background Thread 3 ] DEBUG Engine               - fontGame: Abel-Regular.ttf
01:23:22.439 [FXGL Background Thread 3 ] DEBUG Engine               - fontMono: lucida_console.ttf
01:23:22.439 [FXGL Background Thread 3 ] DEBUG Engine               - fontText: Courier-Prime.ttf
01:23:22.439 [FXGL Background Thread 3 ] DEBUG Engine               - fontUI: VarelaRound-Regular.ttf
01:23:22.440 [FXGL Background Thread 3 ] DEBUG Engine               - fullScreen: BooleanProperty [value: false]
01:23:22.440 [FXGL Background Thread 3 ] DEBUG Engine               - gameDifficulty: MEDIUM
01:23:22.440 [FXGL Background Thread 3 ] DEBUG Engine               - gameDifficultyProperty: ObjectProperty [value: MEDIUM]
01:23:22.440 [FXGL Background Thread 3 ] DEBUG Engine               - globalMusicVolume: 0.5
01:23:22.440 [FXGL Background Thread 3 ] DEBUG Engine               - globalMusicVolumeProperty: DoubleProperty [value: 0.5]
01:23:22.440 [FXGL Background Thread 3 ] DEBUG Engine               - globalSoundVolume: 0.5
01:23:22.440 [FXGL Background Thread 3 ] DEBUG Engine               - globalSoundVolumeProperty: DoubleProperty [value: 0.5]
01:23:22.440 [FXGL Background Thread 3 ] DEBUG Engine               - height: 800
01:23:22.441 [FXGL Background Thread 3 ] DEBUG Engine               - isAndroid: false
01:23:22.441 [FXGL Background Thread 3 ] DEBUG Engine               - isBrowser: false
01:23:22.441 [FXGL Background Thread 3 ] DEBUG Engine               - isClickFeedbackEnabled: false
01:23:22.441 [FXGL Background Thread 3 ] DEBUG Engine               - isCloseConfirmation: false
01:23:22.441 [FXGL Background Thread 3 ] DEBUG Engine               - isDesktop: true
01:23:22.441 [FXGL Background Thread 3 ] DEBUG Engine               - isDeveloperMenuEnabled: false
01:23:22.441 [FXGL Background Thread 3 ] DEBUG Engine               - isEntityPreloadEnabled: true
01:23:22.441 [FXGL Background Thread 3 ] DEBUG Engine               - isExperimental3D: false
01:23:22.441 [FXGL Background Thread 3 ] DEBUG Engine               - isExperimentalNative: false
01:23:22.441 [FXGL Background Thread 3 ] DEBUG Engine               - isExperimentalTiledLargeMap: false
01:23:22.441 [FXGL Background Thread 3 ] DEBUG Engine               - isFileSystemWriteAllowed: true
01:23:22.442 [FXGL Background Thread 3 ] DEBUG Engine               - isFullScreenAllowed: false
01:23:22.442 [FXGL Background Thread 3 ] DEBUG Engine               - isFullScreenFromStart: false
01:23:22.442 [FXGL Background Thread 3 ] DEBUG Engine               - isGameMenuEnabled: true
01:23:22.442 [FXGL Background Thread 3 ] DEBUG Engine               - isIOS: false
01:23:22.442 [FXGL Background Thread 3 ] DEBUG Engine               - isIntroEnabled: false
01:23:22.442 [FXGL Background Thread 3 ] DEBUG Engine               - isLinux: false
01:23:22.442 [FXGL Background Thread 3 ] DEBUG Engine               - isMac: false
01:23:22.442 [FXGL Background Thread 3 ] DEBUG Engine               - isMainMenuEnabled: false
01:23:22.442 [FXGL Background Thread 3 ] DEBUG Engine               - isManualResizeEnabled: false
01:23:22.442 [FXGL Background Thread 3 ] DEBUG Engine               - isMobile: false
01:23:22.442 [FXGL Background Thread 3 ] DEBUG Engine               - isPreserveResizeRatio: false
01:23:22.443 [FXGL Background Thread 3 ] DEBUG Engine               - isProfilingEnabled: false
01:23:22.443 [FXGL Background Thread 3 ] DEBUG Engine               - isScaleAffectedOnResize: true
01:23:22.443 [FXGL Background Thread 3 ] DEBUG Engine               - isSingleStep: false
01:23:22.443 [FXGL Background Thread 3 ] DEBUG Engine               - isUserProfileEnabled: false
01:23:22.443 [FXGL Background Thread 3 ] DEBUG Engine               - isWindows: true
01:23:22.443 [FXGL Background Thread 3 ] DEBUG Engine               - language: ObjectProperty [value: ENGLISH]
01:23:22.443 [FXGL Background Thread 3 ] DEBUG Engine               - menuKey: ESCAPE
01:23:22.443 [FXGL Background Thread 3 ] DEBUG Engine               - notificationViewClass: class com.almasb.fxgl.notification.view.XboxNotificationView
01:23:22.443 [FXGL Background Thread 3 ] DEBUG Engine               - pixelsPerMeter: 50.0
01:23:22.444 [FXGL Background Thread 3 ] DEBUG Engine               - platform: WINDOWS
01:23:22.444 [FXGL Background Thread 3 ] DEBUG Engine               - prefHeightProperty: ReadOnlyDoubleProperty [value: 800.0]
01:23:22.444 [FXGL Background Thread 3 ] DEBUG Engine               - prefWidthProperty: ReadOnlyDoubleProperty [value: 800.0]
01:23:22.444 [FXGL Background Thread 3 ] DEBUG Engine               - profileDir: profiles/
01:23:22.444 [FXGL Background Thread 3 ] DEBUG Engine               - profileName: StringProperty [value: DEFAULT]
01:23:22.444 [FXGL Background Thread 3 ] DEBUG Engine               - randomSeed: -1
01:23:22.444 [FXGL Background Thread 3 ] DEBUG Engine               - runtimeInfo: RuntimeInfo(platform=WINDOWS, version=11.14, build=01.03.2021 16.59)
01:23:22.444 [FXGL Background Thread 3 ] DEBUG Engine               - saveFileExt: sav
01:23:22.444 [FXGL Background Thread 3 ] DEBUG Engine               - scaledHeightProp$fxgl: DoubleProperty [bound, value: 800.0]
01:23:22.444 [FXGL Background Thread 3 ] DEBUG Engine               - scaledWidthProp$fxgl: DoubleProperty [bound, value: 800.0]
01:23:22.444 [FXGL Background Thread 3 ] DEBUG Engine               - sceneFactory: com.almasb.fxgl.app.scene.SceneFactory@9ef87a8
01:23:22.444 [FXGL Background Thread 3 ] DEBUG Engine               - secondsIn24h: 60
01:23:22.445 [FXGL Background Thread 3 ] DEBUG Engine               - soundMenuBack: menu/back.wav
01:23:22.445 [FXGL Background Thread 3 ] DEBUG Engine               - soundMenuPress: menu/press.wav
01:23:22.445 [FXGL Background Thread 3 ] DEBUG Engine               - soundMenuSelect: menu/select.wav
01:23:22.445 [FXGL Background Thread 3 ] DEBUG Engine               - soundNotification: core/notification.wav
01:23:22.445 [FXGL Background Thread 3 ] DEBUG Engine               - stageStyle: DECORATED
01:23:22.445 [FXGL Background Thread 3 ] DEBUG Engine               - supportedLanguages: [ENGLISH, FRENCH, GERMAN, HUNGARIAN, RUSSIAN]
01:23:22.445 [FXGL Background Thread 3 ] DEBUG Engine               - ticksPerSecond: -1
01:23:22.445 [FXGL Background Thread 3 ] DEBUG Engine               - title: Test project
01:23:22.445 [FXGL Background Thread 3 ] DEBUG Engine               - urlGithub: https://github.com/AlmasB/FXGL
01:23:22.445 [FXGL Background Thread 3 ] DEBUG Engine               - urlLeaderboard: http://fxgl-top.herokuapp.com/
01:23:22.445 [FXGL Background Thread 3 ] DEBUG Engine               - urlPOM: https://raw.githubusercontent.com/AlmasB/FXGL/release/README.md
01:23:22.446 [FXGL Background Thread 3 ] DEBUG Engine               - userAppClass: class Game
01:23:22.446 [FXGL Background Thread 3 ] DEBUG Engine               - version: 0.0
01:23:22.446 [FXGL Background Thread 3 ] DEBUG Engine               - versionCheckDays: 7
01:23:22.446 [FXGL Background Thread 3 ] DEBUG Engine               - width: 800
01:23:22.446 [FXGL Background Thread 3 ] DEBUG Engine               - Logging services
01:23:22.446 [FXGL Background Thread 3 ] DEBUG Engine               - class com.almasb.fxgl.app.services.FXGLAssetLoaderService
01:23:22.446 [FXGL Background Thread 3 ] DEBUG Engine               - class com.almasb.fxgl.app.FXGLApplication$GameApplicationService
01:23:22.446 [FXGL Background Thread 3 ] DEBUG Engine               - class com.almasb.fxgl.app.services.FXGLDialogService
01:23:22.446 [FXGL Background Thread 3 ] DEBUG Engine               - class com.almasb.fxgl.app.services.IOTaskExecutorService
01:23:22.446 [FXGL Background Thread 3 ] DEBUG Engine               - class com.almasb.fxgl.event.EventBusService
01:23:22.446 [FXGL Background Thread 3 ] DEBUG Engine               - class com.almasb.fxgl.io.FileSystemService
01:23:22.446 [FXGL Background Thread 3 ] DEBUG Engine               - class com.almasb.fxgl.localization.LocalizationService
01:23:22.447 [FXGL Background Thread 3 ] DEBUG Engine               - class com.almasb.fxgl.app.services.SystemBundleService
01:23:22.447 [FXGL Background Thread 3 ] DEBUG Engine               - class com.almasb.fxgl.profile.SaveLoadService
01:23:22.447 [FXGL Background Thread 3 ] DEBUG Engine               - class com.almasb.fxgl.ui.FXGLUIFactoryServiceProvider
01:23:22.447 [FXGL Background Thread 3 ] DEBUG Engine               - class com.almasb.fxgl.ui.FXGLDialogFactoryServiceProvider
01:23:22.447 [FXGL Background Thread 3 ] DEBUG Engine               - class com.almasb.fxgl.audio.AudioPlayer
01:23:22.447 [FXGL Background Thread 3 ] DEBUG Engine               - class com.almasb.fxgl.notification.impl.NotificationServiceProvider
01:23:22.447 [FXGL Background Thread 3 ] DEBUG Engine               - class com.almasb.fxgl.achievement.AchievementService
01:23:22.447 [FXGL Background Thread 3 ] DEBUG Engine               - class com.almasb.fxgl.cutscene.CutsceneService
01:23:22.447 [FXGL Background Thread 3 ] DEBUG Engine               - class com.almasb.fxgl.minigames.MiniGameService
01:23:22.447 [FXGL Background Thread 3 ] DEBUG Engine               - class com.almasb.fxgl.net.NetService
01:23:22.447 [FXGL Background Thread 3 ] DEBUG Engine               - class com.almasb.fxgl.app.services.UpdaterService
01:23:22.447 [FXGL Background Thread 3 ] DEBUG Engine               - class com.almasb.fxgl.dev.DevService
01:23:28.798 [JavaFX Application Thread] DEBUG FXGLApplication      - Exiting FXGL
01:23:28.798 [JavaFX Application Thread] DEBUG LoopRunner           - Stopping loop
01:23:28.798 [JavaFX Application Thread] DEBUG SystemBundleService  - Saving FXGL system data
01:23:28.799 [JavaFX Application Thread] DEBUG FileSystemAccess     - Writing to: C:\Users\Reda\Desktop\Test\TestGameFXGL\system\fxgl.bundle
01:23:28.801 [JavaFX Application Thread] DEBUG Async                - Shutting down background threads
01:23:28.801 [JavaFX Application Thread] DEBUG PrimaryStageWindow   - Closing main window
01:23:28.811 [JavaFX Application Thread] DEBUG Logger               - Closing Logger
