01:30:13.965 [main                     ] DEBUG Logger               - Configured Logger
01:30:13.969 [main                     ] DEBUG GameApplication      - Logging settings
Title: Test project
Version: 0.0
Width: 800
Height: 800
Fullscreen: false
Intro: false
Profiling: false
Single step:false
App Mode: DEVELOPER
Menu Key: ESCAPE
Stage Style: DECORATED
Scene Factory: class com.almasb.fxgl.app.scene.SceneFactory

01:30:14.253 [JavaFX Application Thread] DEBUG FXGLApplication      - Initializing FXGL
01:30:14.255 [JavaFX Application Thread] INFO  Engine               - FXGL-11.14 (01.03.2021 16.59) on WINDOWS (J:15.0.1 FX:11.0.2)
01:30:14.255 [JavaFX Application Thread] DEBUG Engine               - JRE Vendor Name: Oracle Corporation
01:30:14.255 [JavaFX Application Thread] DEBUG Engine               - Running on OS: Windows 10 version 10.0
01:30:14.256 [JavaFX Application Thread] DEBUG Engine               - Architecture: amd64
01:30:14.256 [JavaFX Application Thread] INFO  Engine               - Source code and latest versions at: https://github.com/AlmasB/FXGL
01:30:14.256 [JavaFX Application Thread] INFO  Engine               -              Join the FXGL chat at: https://gitter.im/AlmasB/FXGL
01:30:14.335 [JavaFX Application Thread] DEBUG PrimaryStageWindow   - Creating a JavaFX scene
01:30:14.370 [JavaFX Application Thread] DEBUG PrimaryStageWindow   - Target settings size: 800.0 x 800.0
01:30:14.370 [JavaFX Application Thread] DEBUG PrimaryStageWindow   - Scaled scene size:    800.0 x 800.0
01:30:14.370 [JavaFX Application Thread] DEBUG PrimaryStageWindow   - Scaled ratio: (1.0, 1.0)
01:30:14.371 [JavaFX Application Thread] DEBUG PrimaryStageWindow   - Set initial scene to FXGLStartupScene
01:30:14.376 [JavaFX Application Thread] DEBUG PrimaryStageWindow   - Opening main window
01:30:14.444 [JavaFX Application Thread] DEBUG PrimaryStageWindow   - Window border size: (16.0, 39.0)
01:30:14.444 [JavaFX Application Thread] DEBUG PrimaryStageWindow   - Scaled size: 800.0 x 800.0
01:30:14.445 [JavaFX Application Thread] DEBUG PrimaryStageWindow   - Scaled ratio: (1.0, 1.0)
01:30:14.445 [JavaFX Application Thread] DEBUG PrimaryStageWindow   - Scene size: 800.0 x 800.0
01:30:14.445 [JavaFX Application Thread] DEBUG PrimaryStageWindow   - Stage size: 816.0 x 839.0
01:30:14.452 [FXGL Background Thread 1 ] DEBUG Engine               - Initializing environment variables
01:30:14.494 [FXGL Background Thread 1 ] DEBUG FXGLAssetLoaderServi - User app class for loading assets: class Game
01:30:14.494 [FXGL Background Thread 1 ] DEBUG GameApplicationServi - Applying CSS: fxgl_dark.css
01:30:14.496 [FXGL Background Thread 1 ] DEBUG FXGLAssetLoaderServi - Loading from file system: jar:file:/C:/Users/Reda/.m2/repository/com/github/almasb/fxgl/11.14/fxgl-11.14.jar!/fxglassets/ui/css/fxgl_dark.css
01:30:14.540 [FXGL Background Thread 1 ] DEBUG GameApplicationServi - Initializing application scenes
01:30:14.567 [FXGL Background Thread 1 ] DEBUG GameWorld            - Game world initialized
01:30:14.648 [FXGL Background Thread 1 ] DEBUG PhysicsWorld         - Physics world initialized: appHeight=800, physics.ppm=50.0
01:30:14.649 [FXGL Background Thread 1 ] DEBUG PhysicsWorld         - Using strategy: BRUTE_FORCE
01:30:14.652 [FXGL Background Thread 1 ] DEBUG GameScene            - Game scene initialized: 800x800
01:30:14.691 [FXGL Background Thread 1 ] DEBUG FXGLAssetLoaderServi - Loading from file system: jar:file:/C:/Users/Reda/.m2/repository/com/github/almasb/fxgl/11.14/fxgl-11.14.jar!/fxglassets/textures/particles/trace_horizontal.png
01:30:14.746 [FXGL Background Thread 1 ] DEBUG FXGL.DefaultMenu     - createMenuBodyGameMenu()
01:30:14.762 [FXGL Background Thread 1 ] DEBUG FXGL.DefaultMenu     - createOptionsMenu()
01:30:14.768 [FXGL Background Thread 1 ] DEBUG FXGLAssetLoaderServi - Loading from file system: jar:file:/C:/Users/Reda/.m2/repository/com/github/almasb/fxgl/11.14/fxgl-11.14.jar!/fxglassets/textures/particles/smoke.png
01:30:14.819 [FXGL Background Thread 1 ] DEBUG GameApplicationServi - Application scenes initialized
01:30:14.827 [FXGL Background Thread 1 ] DEBUG SystemBundleService  - Loading FXGL system data
01:30:14.831 [FXGL Background Thread 1 ] DEBUG FileSystemAccess     - Reading from: C:\Users\Reda\Desktop\Test\TestGameFXGL\system\fxgl.bundle
01:30:14.839 [FXGL Background Thread 1 ] DEBUG SystemBundleService  - Bundle FXGL: {}
01:30:14.839 [FXGL Background Thread 1 ] DEBUG UpdaterService       - Checking for updates
01:30:14.845 [FXGL Background Thread 4 ] DEBUG FXGLApplication      - Loading fonts
01:30:14.846 [FXGL Background Thread 1 ] DEBUG FXGLApplication      - Loading default localization
01:30:14.847 [FXGL Background Thread 4 ] DEBUG FXGLAssetLoaderServi - Loading from file system: jar:file:/C:/Users/Reda/.m2/repository/com/github/almasb/fxgl/11.14/fxgl-11.14.jar!/fxglassets/ui/fonts/VarelaRound-Regular.ttf
01:30:14.867 [FXGL Background Thread 1 ] INFO  FXGLApplication      - FXGL initialization took: 0.414 sec
01:30:14.878 [JavaFX Application Thread] DEBUG Input                - Registered new binding: action0 - W
01:30:14.878 [JavaFX Application Thread] DEBUG Input                - Registered new binding: action1 - A
01:30:14.879 [JavaFX Application Thread] DEBUG Input                - Registered new binding: action2 - S
01:30:14.879 [JavaFX Application Thread] DEBUG Input                - Registered new binding: action3 - D
01:30:14.880 [JavaFX Application Thread] DEBUG FXGLAssetLoaderServi - Loading from file system: jar:file:/C:/Users/Reda/.m2/repository/com/github/almasb/fxgl/11.14/fxgl-11.14.jar!/fxglassets/textures/fxgl_icon.png
01:30:14.904 [JavaFX Application Thread] DEBUG FXGLAssetLoaderServi - Loading from file system: jar:file:/C:/Users/Reda/.m2/repository/com/github/almasb/fxgl/11.14/fxgl-11.14.jar!/fxglassets/ui/cursors/fxgl_default.png
01:30:14.906 [JavaFX Application Thread] DEBUG Input                - Registered new binding: Screenshot - P
01:30:14.907 [JavaFX Application Thread] DEBUG Input                - Registered new binding: System info dump - CTRL+9
01:30:14.908 [JavaFX Application Thread] DEBUG Input                - Registered new binding: Restart - CTRL+R
01:30:14.909 [JavaFX Application Thread] DEBUG Input                - Registered new binding: Toggle Debug Camera - CTRL+C
01:30:14.911 [JavaFX Application Thread] DEBUG LoopRunner           - Starting loop
01:30:14.912 [JavaFX Application Thread] DEBUG LoopRunner           - Initializing JavaFX AnimationTimerLoop
01:30:14.913 [JavaFX Application Thread] DEBUG GameApplicationServi - Starting new game
01:30:14.914 [JavaFX Application Thread] DEBUG Input                - Clearing active input actions
01:30:14.924 [JavaFX Application Thread] DEBUG GameApplicationServi - Removing overlay from FXGLStartupScene and adding to FXGLLoadingScene
01:30:14.925 [JavaFX Application Thread] DEBUG PrimaryStageWindow   - FXGLStartupScene -> FXGLLoadingScene
01:30:14.925 [JavaFX Application Thread] DEBUG GameApplicationServi - Clearing previous game
01:30:14.925 [JavaFX Application Thread] DEBUG GameScene            - Clearing game scene
01:30:14.925 [JavaFX Application Thread] DEBUG GameWorld            - Clearing game world
01:30:14.925 [JavaFX Application Thread] DEBUG PhysicsWorld         - Clearing physics world
01:30:14.927 [FXGL Background Thread 1 ] DEBUG FXGLApplication      - Initializing game
01:30:14.929 [FXGL Background Thread 1 ] DEBUG FXGLAssetLoaderServi - Loading from file system: file:/C:/Users/Reda/Desktop/Test/TestGameFXGL/target/classes/assets/textures/koen_warner.png
01:30:14.937 [FXGL Background Thread 1 ] INFO  FXGLApplication      - Game initialization took: 0.010 sec
01:30:14.961 [JavaFX Application Thread] DEBUG Input                - Clearing active input actions
01:30:14.971 [JavaFX Application Thread] DEBUG GameApplicationServi - Removing overlay from FXGLLoadingScene and adding to GameScene
01:30:14.971 [JavaFX Application Thread] DEBUG PrimaryStageWindow   - FXGLLoadingScene -> GameScene
01:30:14.992 [FXGL Background Thread 4 ] DEBUG FXGLAssetLoaderServi - Loading from file system: jar:file:/C:/Users/Reda/.m2/repository/com/github/almasb/fxgl/11.14/fxgl-11.14.jar!/fxglassets/ui/fonts/Abel-Regular.ttf
01:30:15.005 [FXGL Background Thread 4 ] DEBUG FXGLAssetLoaderServi - Loading from file system: jar:file:/C:/Users/Reda/.m2/repository/com/github/almasb/fxgl/11.14/fxgl-11.14.jar!/fxglassets/ui/fonts/lucida_console.ttf
01:30:15.027 [FXGL Background Thread 4 ] DEBUG FXGLAssetLoaderServi - Loading from file system: jar:file:/C:/Users/Reda/.m2/repository/com/github/almasb/fxgl/11.14/fxgl-11.14.jar!/fxglassets/ui/fonts/Courier-Prime.ttf
01:30:15.041 [JavaFX Application Thread] DEBUG FXGLApplication      - Registering font factories with UI factory
01:30:15.615 [JavaFX Application Thread] DEBUG FXGLApplication      - Exiting FXGL
01:30:15.615 [JavaFX Application Thread] DEBUG LoopRunner           - Stopping loop
01:30:15.616 [JavaFX Application Thread] DEBUG SystemBundleService  - Saving FXGL system data
01:30:15.617 [JavaFX Application Thread] DEBUG FileSystemAccess     - Writing to: C:\Users\Reda\Desktop\Test\TestGameFXGL\system\fxgl.bundle
01:30:15.618 [JavaFX Application Thread] DEBUG Async                - Shutting down background threads
01:30:15.619 [JavaFX Application Thread] DEBUG PrimaryStageWindow   - Closing main window
01:30:15.631 [JavaFX Application Thread] DEBUG Logger               - Closing Logger
