01:30:42.638 [main                     ] DEBUG Logger               - Configured Logger
01:30:42.643 [main                     ] DEBUG GameApplication      - Logging settings
Title: Test project
Version: 0.0
Width: 800
Height: 800
Fullscreen: false
Intro: false
Profiling: false
Single step:false
App Mode: DEVELOPER
Menu Key: ESCAPE
Stage Style: DECORATED
Scene Factory: class com.almasb.fxgl.app.scene.SceneFactory

01:30:42.937 [JavaFX Application Thread] DEBUG FXGLApplication      - Initializing FXGL
01:30:42.938 [JavaFX Application Thread] INFO  Engine               - FXGL-11.14 (01.03.2021 16.59) on WINDOWS (J:15.0.1 FX:11.0.2)
01:30:42.939 [JavaFX Application Thread] DEBUG Engine               - JRE Vendor Name: Oracle Corporation
01:30:42.939 [JavaFX Application Thread] DEBUG Engine               - Running on OS: Windows 10 version 10.0
01:30:42.939 [JavaFX Application Thread] DEBUG Engine               - Architecture: amd64
01:30:42.939 [JavaFX Application Thread] INFO  Engine               - Source code and latest versions at: https://github.com/AlmasB/FXGL
01:30:42.939 [JavaFX Application Thread] INFO  Engine               -              Join the FXGL chat at: https://gitter.im/AlmasB/FXGL
01:30:43.021 [JavaFX Application Thread] DEBUG PrimaryStageWindow   - Creating a JavaFX scene
01:30:43.062 [JavaFX Application Thread] DEBUG PrimaryStageWindow   - Target settings size: 800.0 x 800.0
01:30:43.062 [JavaFX Application Thread] DEBUG PrimaryStageWindow   - Scaled scene size:    800.0 x 800.0
01:30:43.062 [JavaFX Application Thread] DEBUG PrimaryStageWindow   - Scaled ratio: (1.0, 1.0)
01:30:43.063 [JavaFX Application Thread] DEBUG PrimaryStageWindow   - Set initial scene to FXGLStartupScene
01:30:43.068 [JavaFX Application Thread] DEBUG PrimaryStageWindow   - Opening main window
01:30:43.140 [JavaFX Application Thread] DEBUG PrimaryStageWindow   - Window border size: (16.0, 39.0)
01:30:43.140 [JavaFX Application Thread] DEBUG PrimaryStageWindow   - Scaled size: 800.0 x 800.0
01:30:43.140 [JavaFX Application Thread] DEBUG PrimaryStageWindow   - Scaled ratio: (1.0, 1.0)
01:30:43.141 [JavaFX Application Thread] DEBUG PrimaryStageWindow   - Scene size: 800.0 x 800.0
01:30:43.141 [JavaFX Application Thread] DEBUG PrimaryStageWindow   - Stage size: 816.0 x 839.0
01:30:43.150 [FXGL Background Thread 1 ] DEBUG Engine               - Initializing environment variables
01:30:43.192 [FXGL Background Thread 1 ] DEBUG FXGLAssetLoaderServi - User app class for loading assets: class Game
01:30:43.192 [FXGL Background Thread 1 ] DEBUG GameApplicationServi - Applying CSS: fxgl_dark.css
01:30:43.195 [FXGL Background Thread 1 ] DEBUG FXGLAssetLoaderServi - Loading from file system: jar:file:/C:/Users/Reda/.m2/repository/com/github/almasb/fxgl/11.14/fxgl-11.14.jar!/fxglassets/ui/css/fxgl_dark.css
01:30:43.242 [FXGL Background Thread 1 ] DEBUG GameApplicationServi - Initializing application scenes
01:30:43.269 [FXGL Background Thread 1 ] DEBUG GameWorld            - Game world initialized
01:30:43.346 [FXGL Background Thread 1 ] DEBUG PhysicsWorld         - Physics world initialized: appHeight=800, physics.ppm=50.0
01:30:43.347 [FXGL Background Thread 1 ] DEBUG PhysicsWorld         - Using strategy: BRUTE_FORCE
01:30:43.350 [FXGL Background Thread 1 ] DEBUG GameScene            - Game scene initialized: 800x800
01:30:43.381 [FXGL Background Thread 1 ] DEBUG FXGLAssetLoaderServi - Loading from file system: jar:file:/C:/Users/Reda/.m2/repository/com/github/almasb/fxgl/11.14/fxgl-11.14.jar!/fxglassets/textures/particles/trace_horizontal.png
01:30:43.435 [FXGL Background Thread 1 ] DEBUG FXGL.DefaultMenu     - createMenuBodyGameMenu()
01:30:43.446 [FXGL Background Thread 1 ] DEBUG FXGL.DefaultMenu     - createOptionsMenu()
01:30:43.452 [FXGL Background Thread 1 ] DEBUG FXGLAssetLoaderServi - Loading from file system: jar:file:/C:/Users/Reda/.m2/repository/com/github/almasb/fxgl/11.14/fxgl-11.14.jar!/fxglassets/textures/particles/smoke.png
01:30:43.503 [FXGL Background Thread 1 ] DEBUG GameApplicationServi - Application scenes initialized
01:30:43.513 [FXGL Background Thread 1 ] DEBUG SystemBundleService  - Loading FXGL system data
01:30:43.517 [FXGL Background Thread 1 ] DEBUG FileSystemAccess     - Reading from: C:\Users\Reda\Desktop\Test\TestGameFXGL\system\fxgl.bundle
01:30:43.523 [FXGL Background Thread 1 ] DEBUG SystemBundleService  - Bundle FXGL: {}
01:30:43.523 [FXGL Background Thread 1 ] DEBUG UpdaterService       - Checking for updates
01:30:43.527 [FXGL Background Thread 4 ] DEBUG FXGLApplication      - Loading fonts
01:30:43.527 [FXGL Background Thread 1 ] DEBUG FXGLApplication      - Loading default localization
01:30:43.527 [FXGL Background Thread 4 ] DEBUG FXGLAssetLoaderServi - Loading from file system: jar:file:/C:/Users/Reda/.m2/repository/com/github/almasb/fxgl/11.14/fxgl-11.14.jar!/fxglassets/ui/fonts/VarelaRound-Regular.ttf
01:30:43.528 [FXGL Background Thread 1 ] DEBUG FXGLAssetLoaderServi - Loading from file system: jar:file:/C:/Users/Reda/.m2/repository/com/github/almasb/fxgl/11.14/fxgl-11.14.jar!/fxglassets/languages/english.lang
01:30:43.541 [FXGL Background Thread 1 ] INFO  FXGLApplication      - FXGL initialization took: 0.391 sec
01:30:43.553 [JavaFX Application Thread] DEBUG Input                - Registered new binding: action0 - W
01:30:43.553 [JavaFX Application Thread] DEBUG Input                - Registered new binding: action1 - A
01:30:43.554 [JavaFX Application Thread] DEBUG Input                - Registered new binding: action2 - S
01:30:43.554 [JavaFX Application Thread] DEBUG Input                - Registered new binding: action3 - D
01:30:43.554 [JavaFX Application Thread] DEBUG FXGLAssetLoaderServi - Loading from file system: jar:file:/C:/Users/Reda/.m2/repository/com/github/almasb/fxgl/11.14/fxgl-11.14.jar!/fxglassets/textures/fxgl_icon.png
01:30:43.575 [JavaFX Application Thread] DEBUG FXGLAssetLoaderServi - Loading from file system: jar:file:/C:/Users/Reda/.m2/repository/com/github/almasb/fxgl/11.14/fxgl-11.14.jar!/fxglassets/ui/cursors/fxgl_default.png
01:30:43.577 [JavaFX Application Thread] DEBUG Input                - Registered new binding: Screenshot - P
01:30:43.578 [JavaFX Application Thread] DEBUG Input                - Registered new binding: System info dump - CTRL+9
01:30:43.579 [JavaFX Application Thread] DEBUG Input                - Registered new binding: Restart - CTRL+R
01:30:43.579 [JavaFX Application Thread] DEBUG Input                - Registered new binding: Toggle Debug Camera - CTRL+C
01:30:43.582 [JavaFX Application Thread] DEBUG LoopRunner           - Starting loop
01:30:43.582 [JavaFX Application Thread] DEBUG LoopRunner           - Initializing JavaFX AnimationTimerLoop
01:30:43.583 [JavaFX Application Thread] DEBUG GameApplicationServi - Starting new game
01:30:43.584 [JavaFX Application Thread] DEBUG Input                - Clearing active input actions
01:30:43.594 [JavaFX Application Thread] DEBUG GameApplicationServi - Removing overlay from FXGLStartupScene and adding to FXGLLoadingScene
01:30:43.594 [JavaFX Application Thread] DEBUG PrimaryStageWindow   - FXGLStartupScene -> FXGLLoadingScene
01:30:43.594 [JavaFX Application Thread] DEBUG GameApplicationServi - Clearing previous game
01:30:43.595 [JavaFX Application Thread] DEBUG GameScene            - Clearing game scene
01:30:43.595 [JavaFX Application Thread] DEBUG GameWorld            - Clearing game world
01:30:43.595 [JavaFX Application Thread] DEBUG PhysicsWorld         - Clearing physics world
01:30:43.596 [FXGL Background Thread 1 ] DEBUG FXGLApplication      - Initializing game
01:30:43.598 [FXGL Background Thread 1 ] DEBUG FXGLAssetLoaderServi - Loading from file system: file:/C:/Users/Reda/Desktop/Test/TestGameFXGL/target/classes/assets/textures/koen_warner.png
01:30:43.602 [FXGL Background Thread 1 ] INFO  FXGLApplication      - Game initialization took: 0.007 sec
01:30:43.626 [JavaFX Application Thread] DEBUG Input                - Clearing active input actions
01:30:43.634 [FXGL Background Thread 4 ] DEBUG FXGLAssetLoaderServi - Loading from file system: jar:file:/C:/Users/Reda/.m2/repository/com/github/almasb/fxgl/11.14/fxgl-11.14.jar!/fxglassets/ui/fonts/Abel-Regular.ttf
01:30:43.637 [JavaFX Application Thread] DEBUG GameApplicationServi - Removing overlay from FXGLLoadingScene and adding to GameScene
01:30:43.637 [JavaFX Application Thread] DEBUG PrimaryStageWindow   - FXGLLoadingScene -> GameScene
01:30:43.646 [FXGL Background Thread 4 ] DEBUG FXGLAssetLoaderServi - Loading from file system: jar:file:/C:/Users/Reda/.m2/repository/com/github/almasb/fxgl/11.14/fxgl-11.14.jar!/fxglassets/ui/fonts/lucida_console.ttf
01:30:43.664 [FXGL Background Thread 4 ] DEBUG FXGLAssetLoaderServi - Loading from file system: jar:file:/C:/Users/Reda/.m2/repository/com/github/almasb/fxgl/11.14/fxgl-11.14.jar!/fxglassets/ui/fonts/Courier-Prime.ttf
01:30:43.711 [JavaFX Application Thread] DEBUG FXGLApplication      - Registering font factories with UI factory
01:30:46.527 [FXGL Background Thread 3 ] DEBUG Engine               - Logging environment variables
01:30:46.527 [FXGL Background Thread 3 ] DEBUG Engine               - achievements: []
01:30:46.527 [FXGL Background Thread 3 ] DEBUG Engine               - actualHeight: 800.0
01:30:46.527 [FXGL Background Thread 3 ] DEBUG Engine               - actualHeightProperty: ReadOnlyDoubleProperty [value: 800.0]
01:30:46.527 [FXGL Background Thread 3 ] DEBUG Engine               - actualWidth: 800.0
01:30:46.528 [FXGL Background Thread 3 ] DEBUG Engine               - actualWidthProperty: ReadOnlyDoubleProperty [value: 800.0]
01:30:46.528 [FXGL Background Thread 3 ] DEBUG Engine               - appIcon: fxgl_icon.png
01:30:46.528 [FXGL Background Thread 3 ] DEBUG Engine               - applicationMode: DEVELOPER
01:30:46.528 [FXGL Background Thread 3 ] DEBUG Engine               - cSSList: [fxgl_dark.css]
01:30:46.528 [FXGL Background Thread 3 ] DEBUG Engine               - collisionDetectionStrategy: BRUTE_FORCE
01:30:46.529 [FXGL Background Thread 3 ] DEBUG Engine               - configClass: Optional.empty
01:30:46.529 [FXGL Background Thread 3 ] DEBUG Engine               - credits: []
01:30:46.529 [FXGL Background Thread 3 ] DEBUG Engine               - devBBoxColorProperty: ObjectProperty [value: 0xff0000ff]
01:30:46.529 [FXGL Background Thread 3 ] DEBUG Engine               - devEnableDebugCameraProperty: BooleanProperty [value: false]
01:30:46.529 [FXGL Background Thread 3 ] DEBUG Engine               - devSensorColorProperty: ObjectProperty [value: 0xffff00ff]
01:30:46.529 [FXGL Background Thread 3 ] DEBUG Engine               - devShowBBoxProperty: BooleanProperty [value: false]
01:30:46.529 [FXGL Background Thread 3 ] DEBUG Engine               - devShowPositionProperty: BooleanProperty [value: false]
01:30:46.530 [FXGL Background Thread 3 ] DEBUG Engine               - enabledMenuItems: []
01:30:46.530 [FXGL Background Thread 3 ] DEBUG Engine               - engineServices: [class com.almasb.fxgl.app.services.FXGLAssetLoaderService, class com.almasb.fxgl.app.FXGLApplication$GameApplicationService, class com.almasb.fxgl.app.services.FXGLDialogService, class com.almasb.fxgl.app.services.IOTaskExecutorService, class com.almasb.fxgl.event.EventBusService, class com.almasb.fxgl.io.FileSystemService, class com.almasb.fxgl.localization.LocalizationService, class com.almasb.fxgl.app.services.SystemBundleService, class com.almasb.fxgl.profile.SaveLoadService, class com.almasb.fxgl.ui.FXGLUIFactoryServiceProvider, class com.almasb.fxgl.ui.FXGLDialogFactoryServiceProvider, class com.almasb.fxgl.audio.AudioPlayer, class com.almasb.fxgl.notification.impl.NotificationServiceProvider, class com.almasb.fxgl.achievement.AchievementService, class com.almasb.fxgl.cutscene.CutsceneService, class com.almasb.fxgl.minigames.MiniGameService, class com.almasb.fxgl.net.NetService, class com.almasb.fxgl.app.services.UpdaterService, class com.almasb.fxgl.dev.DevService]
01:30:46.530 [FXGL Background Thread 3 ] DEBUG Engine               - fontGame: Abel-Regular.ttf
01:30:46.530 [FXGL Background Thread 3 ] DEBUG Engine               - fontMono: lucida_console.ttf
01:30:46.530 [FXGL Background Thread 3 ] DEBUG Engine               - fontText: Courier-Prime.ttf
01:30:46.530 [FXGL Background Thread 3 ] DEBUG Engine               - fontUI: VarelaRound-Regular.ttf
01:30:46.530 [FXGL Background Thread 3 ] DEBUG Engine               - fullScreen: BooleanProperty [value: false]
01:30:46.530 [FXGL Background Thread 3 ] DEBUG Engine               - gameDifficulty: MEDIUM
01:30:46.531 [FXGL Background Thread 3 ] DEBUG Engine               - gameDifficultyProperty: ObjectProperty [value: MEDIUM]
01:30:46.531 [FXGL Background Thread 3 ] DEBUG Engine               - globalMusicVolume: 0.5
01:30:46.531 [FXGL Background Thread 3 ] DEBUG Engine               - globalMusicVolumeProperty: DoubleProperty [value: 0.5]
01:30:46.531 [FXGL Background Thread 3 ] DEBUG Engine               - globalSoundVolume: 0.5
01:30:46.531 [FXGL Background Thread 3 ] DEBUG Engine               - globalSoundVolumeProperty: DoubleProperty [value: 0.5]
01:30:46.531 [FXGL Background Thread 3 ] DEBUG Engine               - height: 800
01:30:46.531 [FXGL Background Thread 3 ] DEBUG Engine               - isAndroid: false
01:30:46.531 [FXGL Background Thread 3 ] DEBUG Engine               - isBrowser: false
01:30:46.531 [FXGL Background Thread 3 ] DEBUG Engine               - isClickFeedbackEnabled: false
01:30:46.531 [FXGL Background Thread 3 ] DEBUG Engine               - isCloseConfirmation: false
01:30:46.531 [FXGL Background Thread 3 ] DEBUG Engine               - isDesktop: true
01:30:46.532 [FXGL Background Thread 3 ] DEBUG Engine               - isDeveloperMenuEnabled: false
01:30:46.532 [FXGL Background Thread 3 ] DEBUG Engine               - isEntityPreloadEnabled: true
01:30:46.532 [FXGL Background Thread 3 ] DEBUG Engine               - isExperimental3D: false
01:30:46.532 [FXGL Background Thread 3 ] DEBUG Engine               - isExperimentalNative: false
01:30:46.532 [FXGL Background Thread 3 ] DEBUG Engine               - isExperimentalTiledLargeMap: false
01:30:46.532 [FXGL Background Thread 3 ] DEBUG Engine               - isFileSystemWriteAllowed: true
01:30:46.532 [FXGL Background Thread 3 ] DEBUG Engine               - isFullScreenAllowed: false
01:30:46.532 [FXGL Background Thread 3 ] DEBUG Engine               - isFullScreenFromStart: false
01:30:46.532 [FXGL Background Thread 3 ] DEBUG Engine               - isGameMenuEnabled: true
01:30:46.533 [FXGL Background Thread 3 ] DEBUG Engine               - isIOS: false
01:30:46.533 [FXGL Background Thread 3 ] DEBUG Engine               - isIntroEnabled: false
01:30:46.533 [FXGL Background Thread 3 ] DEBUG Engine               - isLinux: false
01:30:46.533 [FXGL Background Thread 3 ] DEBUG Engine               - isMac: false
01:30:46.533 [FXGL Background Thread 3 ] DEBUG Engine               - isMainMenuEnabled: false
01:30:46.533 [FXGL Background Thread 3 ] DEBUG Engine               - isManualResizeEnabled: false
01:30:46.533 [FXGL Background Thread 3 ] DEBUG Engine               - isMobile: false
01:30:46.533 [FXGL Background Thread 3 ] DEBUG Engine               - isPreserveResizeRatio: false
01:30:46.533 [FXGL Background Thread 3 ] DEBUG Engine               - isProfilingEnabled: false
01:30:46.533 [FXGL Background Thread 3 ] DEBUG Engine               - isScaleAffectedOnResize: true
01:30:46.534 [FXGL Background Thread 3 ] DEBUG Engine               - isSingleStep: false
01:30:46.534 [FXGL Background Thread 3 ] DEBUG Engine               - isUserProfileEnabled: false
01:30:46.534 [FXGL Background Thread 3 ] DEBUG Engine               - isWindows: true
01:30:46.534 [FXGL Background Thread 3 ] DEBUG Engine               - language: ObjectProperty [value: ENGLISH]
01:30:46.534 [FXGL Background Thread 3 ] DEBUG Engine               - menuKey: ESCAPE
01:30:46.534 [FXGL Background Thread 3 ] DEBUG Engine               - notificationViewClass: class com.almasb.fxgl.notification.view.XboxNotificationView
01:30:46.534 [FXGL Background Thread 3 ] DEBUG Engine               - pixelsPerMeter: 50.0
01:30:46.534 [FXGL Background Thread 3 ] DEBUG Engine               - platform: WINDOWS
01:30:46.534 [FXGL Background Thread 3 ] DEBUG Engine               - prefHeightProperty: ReadOnlyDoubleProperty [value: 800.0]
01:30:46.534 [FXGL Background Thread 3 ] DEBUG Engine               - prefWidthProperty: ReadOnlyDoubleProperty [value: 800.0]
01:30:46.535 [FXGL Background Thread 3 ] DEBUG Engine               - profileDir: profiles/
01:30:46.535 [FXGL Background Thread 3 ] DEBUG Engine               - profileName: StringProperty [value: DEFAULT]
01:30:46.535 [FXGL Background Thread 3 ] DEBUG Engine               - randomSeed: -1
01:30:46.535 [FXGL Background Thread 3 ] DEBUG Engine               - runtimeInfo: RuntimeInfo(platform=WINDOWS, version=11.14, build=01.03.2021 16.59)
01:30:46.535 [FXGL Background Thread 3 ] DEBUG Engine               - saveFileExt: sav
01:30:46.535 [FXGL Background Thread 3 ] DEBUG Engine               - scaledHeightProp$fxgl: DoubleProperty [bound, value: 800.0]
01:30:46.535 [FXGL Background Thread 3 ] DEBUG Engine               - scaledWidthProp$fxgl: DoubleProperty [bound, value: 800.0]
01:30:46.535 [FXGL Background Thread 3 ] DEBUG Engine               - sceneFactory: com.almasb.fxgl.app.scene.SceneFactory@40fb9e61
01:30:46.535 [FXGL Background Thread 3 ] DEBUG Engine               - secondsIn24h: 60
01:30:46.536 [FXGL Background Thread 3 ] DEBUG Engine               - soundMenuBack: menu/back.wav
01:30:46.536 [FXGL Background Thread 3 ] DEBUG Engine               - soundMenuPress: menu/press.wav
01:30:46.536 [FXGL Background Thread 3 ] DEBUG Engine               - soundMenuSelect: menu/select.wav
01:30:46.536 [FXGL Background Thread 3 ] DEBUG Engine               - soundNotification: core/notification.wav
01:30:46.536 [FXGL Background Thread 3 ] DEBUG Engine               - stageStyle: DECORATED
01:30:46.536 [FXGL Background Thread 3 ] DEBUG Engine               - supportedLanguages: [ENGLISH, FRENCH, GERMAN, HUNGARIAN, RUSSIAN]
01:30:46.536 [FXGL Background Thread 3 ] DEBUG Engine               - ticksPerSecond: -1
01:30:46.536 [FXGL Background Thread 3 ] DEBUG Engine               - title: Test project
01:30:46.536 [FXGL Background Thread 3 ] DEBUG Engine               - urlGithub: https://github.com/AlmasB/FXGL
01:30:46.536 [FXGL Background Thread 3 ] DEBUG Engine               - urlLeaderboard: http://fxgl-top.herokuapp.com/
01:30:46.536 [FXGL Background Thread 3 ] DEBUG Engine               - urlPOM: https://raw.githubusercontent.com/AlmasB/FXGL/release/README.md
01:30:46.536 [FXGL Background Thread 3 ] DEBUG Engine               - userAppClass: class Game
01:30:46.537 [FXGL Background Thread 3 ] DEBUG Engine               - version: 0.0
01:30:46.537 [FXGL Background Thread 3 ] DEBUG Engine               - versionCheckDays: 7
01:30:46.537 [FXGL Background Thread 3 ] DEBUG Engine               - width: 800
01:30:46.537 [FXGL Background Thread 3 ] DEBUG Engine               - Logging services
01:30:46.537 [FXGL Background Thread 3 ] DEBUG Engine               - class com.almasb.fxgl.app.services.FXGLAssetLoaderService
01:30:46.537 [FXGL Background Thread 3 ] DEBUG Engine               - class com.almasb.fxgl.app.FXGLApplication$GameApplicationService
01:30:46.537 [FXGL Background Thread 3 ] DEBUG Engine               - class com.almasb.fxgl.app.services.FXGLDialogService
01:30:46.537 [FXGL Background Thread 3 ] DEBUG Engine               - class com.almasb.fxgl.app.services.IOTaskExecutorService
01:30:46.537 [FXGL Background Thread 3 ] DEBUG Engine               - class com.almasb.fxgl.event.EventBusService
01:30:46.537 [FXGL Background Thread 3 ] DEBUG Engine               - class com.almasb.fxgl.io.FileSystemService
01:30:46.537 [FXGL Background Thread 3 ] DEBUG Engine               - class com.almasb.fxgl.localization.LocalizationService
01:30:46.537 [FXGL Background Thread 3 ] DEBUG Engine               - class com.almasb.fxgl.app.services.SystemBundleService
01:30:46.537 [FXGL Background Thread 3 ] DEBUG Engine               - class com.almasb.fxgl.profile.SaveLoadService
01:30:46.538 [FXGL Background Thread 3 ] DEBUG Engine               - class com.almasb.fxgl.ui.FXGLUIFactoryServiceProvider
01:30:46.538 [FXGL Background Thread 3 ] DEBUG Engine               - class com.almasb.fxgl.ui.FXGLDialogFactoryServiceProvider
01:30:46.538 [FXGL Background Thread 3 ] DEBUG Engine               - class com.almasb.fxgl.audio.AudioPlayer
01:30:46.538 [FXGL Background Thread 3 ] DEBUG Engine               - class com.almasb.fxgl.notification.impl.NotificationServiceProvider
01:30:46.538 [FXGL Background Thread 3 ] DEBUG Engine               - class com.almasb.fxgl.achievement.AchievementService
01:30:46.538 [FXGL Background Thread 3 ] DEBUG Engine               - class com.almasb.fxgl.cutscene.CutsceneService
01:30:46.538 [FXGL Background Thread 3 ] DEBUG Engine               - class com.almasb.fxgl.minigames.MiniGameService
01:30:46.538 [FXGL Background Thread 3 ] DEBUG Engine               - class com.almasb.fxgl.net.NetService
01:30:46.538 [FXGL Background Thread 3 ] DEBUG Engine               - class com.almasb.fxgl.app.services.UpdaterService
01:30:46.538 [FXGL Background Thread 3 ] DEBUG Engine               - class com.almasb.fxgl.dev.DevService
01:30:47.347 [JavaFX Application Thread] DEBUG FXGLApplication      - Exiting FXGL
01:30:47.348 [JavaFX Application Thread] DEBUG LoopRunner           - Stopping loop
01:30:47.348 [JavaFX Application Thread] DEBUG SystemBundleService  - Saving FXGL system data
01:30:47.349 [JavaFX Application Thread] DEBUG FileSystemAccess     - Writing to: C:\Users\Reda\Desktop\Test\TestGameFXGL\system\fxgl.bundle
01:30:47.350 [JavaFX Application Thread] DEBUG Async                - Shutting down background threads
01:30:47.350 [JavaFX Application Thread] DEBUG PrimaryStageWindow   - Closing main window
01:30:47.362 [JavaFX Application Thread] DEBUG Logger               - Closing Logger
