01:44:03.760 [main                     ] DEBUG Logger               - Configured Logger
01:44:03.764 [main                     ] DEBUG GameApplication      - Logging settings
Title: Test project
Version: 0.0
Width: 800
Height: 800
Fullscreen: false
Intro: false
Profiling: false
Single step:false
App Mode: DEVELOPER
Menu Key: ESCAPE
Stage Style: DECORATED
Scene Factory: class com.almasb.fxgl.app.scene.SceneFactory

01:44:04.042 [JavaFX Application Thread] DEBUG FXGLApplication      - Initializing FXGL
01:44:04.044 [JavaFX Application Thread] INFO  Engine               - FXGL-11.14 (01.03.2021 16.59) on WINDOWS (J:15.0.1 FX:11.0.2)
01:44:04.044 [JavaFX Application Thread] DEBUG Engine               - JRE Vendor Name: Oracle Corporation
01:44:04.044 [JavaFX Application Thread] DEBUG Engine               - Running on OS: Windows 10 version 10.0
01:44:04.044 [JavaFX Application Thread] DEBUG Engine               - Architecture: amd64
01:44:04.044 [JavaFX Application Thread] INFO  Engine               - Source code and latest versions at: https://github.com/AlmasB/FXGL
01:44:04.045 [JavaFX Application Thread] INFO  Engine               -              Join the FXGL chat at: https://gitter.im/AlmasB/FXGL
01:44:04.126 [JavaFX Application Thread] DEBUG PrimaryStageWindow   - Creating a JavaFX scene
01:44:04.163 [JavaFX Application Thread] DEBUG PrimaryStageWindow   - Target settings size: 800.0 x 800.0
01:44:04.163 [JavaFX Application Thread] DEBUG PrimaryStageWindow   - Scaled scene size:    800.0 x 800.0
01:44:04.163 [JavaFX Application Thread] DEBUG PrimaryStageWindow   - Scaled ratio: (1.0, 1.0)
01:44:04.164 [JavaFX Application Thread] DEBUG PrimaryStageWindow   - Set initial scene to FXGLStartupScene
01:44:04.169 [JavaFX Application Thread] DEBUG PrimaryStageWindow   - Opening main window
01:44:04.237 [JavaFX Application Thread] DEBUG PrimaryStageWindow   - Window border size: (16.0, 39.0)
01:44:04.238 [JavaFX Application Thread] DEBUG PrimaryStageWindow   - Scaled size: 800.0 x 800.0
01:44:04.238 [JavaFX Application Thread] DEBUG PrimaryStageWindow   - Scaled ratio: (1.0, 1.0)
01:44:04.238 [JavaFX Application Thread] DEBUG PrimaryStageWindow   - Scene size: 800.0 x 800.0
01:44:04.238 [JavaFX Application Thread] DEBUG PrimaryStageWindow   - Stage size: 816.0 x 839.0
01:44:04.246 [FXGL Background Thread 1 ] DEBUG Engine               - Initializing environment variables
01:44:04.290 [FXGL Background Thread 1 ] DEBUG FXGLAssetLoaderServi - User app class for loading assets: class Game
01:44:04.290 [FXGL Background Thread 1 ] DEBUG GameApplicationServi - Applying CSS: fxgl_dark.css
01:44:04.293 [FXGL Background Thread 1 ] DEBUG FXGLAssetLoaderServi - Loading from file system: jar:file:/C:/Users/Reda/.m2/repository/com/github/almasb/fxgl/11.14/fxgl-11.14.jar!/fxglassets/ui/css/fxgl_dark.css
01:44:04.340 [FXGL Background Thread 1 ] DEBUG GameApplicationServi - Initializing application scenes
01:44:04.372 [FXGL Background Thread 1 ] DEBUG GameWorld            - Game world initialized
01:44:04.445 [FXGL Background Thread 1 ] DEBUG PhysicsWorld         - Physics world initialized: appHeight=800, physics.ppm=50.0
01:44:04.446 [FXGL Background Thread 1 ] DEBUG PhysicsWorld         - Using strategy: BRUTE_FORCE
01:44:04.448 [FXGL Background Thread 1 ] DEBUG GameScene            - Game scene initialized: 800x800
01:44:04.480 [FXGL Background Thread 1 ] DEBUG FXGLAssetLoaderServi - Loading from file system: jar:file:/C:/Users/Reda/.m2/repository/com/github/almasb/fxgl/11.14/fxgl-11.14.jar!/fxglassets/textures/particles/trace_horizontal.png
01:44:04.520 [FXGL Background Thread 1 ] DEBUG FXGL.DefaultMenu     - createMenuBodyGameMenu()
01:44:04.533 [FXGL Background Thread 1 ] DEBUG FXGL.DefaultMenu     - createOptionsMenu()
01:44:04.540 [FXGL Background Thread 1 ] DEBUG FXGLAssetLoaderServi - Loading from file system: jar:file:/C:/Users/Reda/.m2/repository/com/github/almasb/fxgl/11.14/fxgl-11.14.jar!/fxglassets/textures/particles/smoke.png
01:44:04.586 [FXGL Background Thread 1 ] DEBUG GameApplicationServi - Application scenes initialized
01:44:04.594 [FXGL Background Thread 1 ] DEBUG SystemBundleService  - Loading FXGL system data
01:44:04.598 [FXGL Background Thread 1 ] DEBUG FileSystemAccess     - Reading from: C:\Users\Reda\Desktop\Test\TestGameFXGL\system\fxgl.bundle
01:44:04.604 [FXGL Background Thread 1 ] DEBUG SystemBundleService  - Bundle FXGL: {}
01:44:04.604 [FXGL Background Thread 1 ] DEBUG UpdaterService       - Checking for updates
01:44:04.609 [FXGL Background Thread 4 ] DEBUG FXGLApplication      - Loading fonts
01:44:04.609 [FXGL Background Thread 1 ] DEBUG FXGLApplication      - Loading default localization
01:44:04.610 [FXGL Background Thread 4 ] DEBUG FXGLAssetLoaderServi - Loading from file system: jar:file:/C:/Users/Reda/.m2/repository/com/github/almasb/fxgl/11.14/fxgl-11.14.jar!/fxglassets/ui/fonts/VarelaRound-Regular.ttf
01:44:04.610 [FXGL Background Thread 1 ] DEBUG FXGLAssetLoaderServi - Loading from file system: jar:file:/C:/Users/Reda/.m2/repository/com/github/almasb/fxgl/11.14/fxgl-11.14.jar!/fxglassets/languages/english.lang
01:44:04.626 [FXGL Background Thread 1 ] INFO  FXGLApplication      - FXGL initialization took: 0.380 sec
01:44:04.635 [JavaFX Application Thread] DEBUG Input                - Registered new binding: action0 - W
01:44:04.636 [JavaFX Application Thread] DEBUG Input                - Registered new binding: action1 - A
01:44:04.636 [JavaFX Application Thread] DEBUG Input                - Registered new binding: action2 - S
01:44:04.637 [JavaFX Application Thread] DEBUG Input                - Registered new binding: action3 - D
01:44:04.637 [JavaFX Application Thread] DEBUG FXGLAssetLoaderServi - Loading from file system: jar:file:/C:/Users/Reda/.m2/repository/com/github/almasb/fxgl/11.14/fxgl-11.14.jar!/fxglassets/textures/fxgl_icon.png
01:44:04.660 [JavaFX Application Thread] DEBUG FXGLAssetLoaderServi - Loading from file system: jar:file:/C:/Users/Reda/.m2/repository/com/github/almasb/fxgl/11.14/fxgl-11.14.jar!/fxglassets/ui/cursors/fxgl_default.png
01:44:04.662 [JavaFX Application Thread] DEBUG Input                - Registered new binding: Screenshot - P
01:44:04.662 [JavaFX Application Thread] DEBUG Input                - Registered new binding: System info dump - CTRL+9
01:44:04.663 [JavaFX Application Thread] DEBUG Input                - Registered new binding: Restart - CTRL+R
01:44:04.664 [JavaFX Application Thread] DEBUG Input                - Registered new binding: Toggle Debug Camera - CTRL+C
01:44:04.666 [JavaFX Application Thread] DEBUG LoopRunner           - Starting loop
01:44:04.666 [JavaFX Application Thread] DEBUG LoopRunner           - Initializing JavaFX AnimationTimerLoop
01:44:04.668 [JavaFX Application Thread] DEBUG GameApplicationServi - Starting new game
01:44:04.668 [JavaFX Application Thread] DEBUG Input                - Clearing active input actions
01:44:04.678 [JavaFX Application Thread] DEBUG GameApplicationServi - Removing overlay from FXGLStartupScene and adding to FXGLLoadingScene
01:44:04.678 [JavaFX Application Thread] DEBUG PrimaryStageWindow   - FXGLStartupScene -> FXGLLoadingScene
01:44:04.679 [JavaFX Application Thread] DEBUG GameApplicationServi - Clearing previous game
01:44:04.679 [JavaFX Application Thread] DEBUG GameScene            - Clearing game scene
01:44:04.679 [JavaFX Application Thread] DEBUG GameWorld            - Clearing game world
01:44:04.679 [JavaFX Application Thread] DEBUG PhysicsWorld         - Clearing physics world
01:44:04.680 [FXGL Background Thread 1 ] DEBUG FXGLApplication      - Initializing game
01:44:04.683 [FXGL Background Thread 1 ] DEBUG FXGLAssetLoaderServi - Loading from file system: file:/C:/Users/Reda/Desktop/Test/TestGameFXGL/target/classes/assets/textures/koen_warner.png
01:44:04.700 [FXGL Background Thread 1 ] INFO  FXGLApplication      - Game initialization took: 0.020 sec
01:44:04.711 [JavaFX Application Thread] DEBUG Input                - Clearing active input actions
01:44:04.721 [JavaFX Application Thread] DEBUG GameApplicationServi - Removing overlay from FXGLLoadingScene and adding to GameScene
01:44:04.721 [JavaFX Application Thread] DEBUG PrimaryStageWindow   - FXGLLoadingScene -> GameScene
01:44:04.724 [FXGL Background Thread 4 ] DEBUG FXGLAssetLoaderServi - Loading from file system: jar:file:/C:/Users/Reda/.m2/repository/com/github/almasb/fxgl/11.14/fxgl-11.14.jar!/fxglassets/ui/fonts/Abel-Regular.ttf
01:44:04.739 [FXGL Background Thread 4 ] DEBUG FXGLAssetLoaderServi - Loading from file system: jar:file:/C:/Users/Reda/.m2/repository/com/github/almasb/fxgl/11.14/fxgl-11.14.jar!/fxglassets/ui/fonts/lucida_console.ttf
01:44:04.755 [FXGL Background Thread 4 ] DEBUG FXGLAssetLoaderServi - Loading from file system: jar:file:/C:/Users/Reda/.m2/repository/com/github/almasb/fxgl/11.14/fxgl-11.14.jar!/fxglassets/ui/fonts/Courier-Prime.ttf
01:44:04.776 [JavaFX Application Thread] DEBUG FXGLApplication      - Registering font factories with UI factory
01:44:07.609 [FXGL Background Thread 3 ] DEBUG Engine               - Logging environment variables
01:44:07.609 [FXGL Background Thread 3 ] DEBUG Engine               - achievements: []
01:44:07.609 [FXGL Background Thread 3 ] DEBUG Engine               - actualHeight: 800.0
01:44:07.609 [FXGL Background Thread 3 ] DEBUG Engine               - actualHeightProperty: ReadOnlyDoubleProperty [value: 800.0]
01:44:07.610 [FXGL Background Thread 3 ] DEBUG Engine               - actualWidth: 800.0
01:44:07.610 [FXGL Background Thread 3 ] DEBUG Engine               - actualWidthProperty: ReadOnlyDoubleProperty [value: 800.0]
01:44:07.610 [FXGL Background Thread 3 ] DEBUG Engine               - appIcon: fxgl_icon.png
01:44:07.610 [FXGL Background Thread 3 ] DEBUG Engine               - applicationMode: DEVELOPER
01:44:07.610 [FXGL Background Thread 3 ] DEBUG Engine               - cSSList: [fxgl_dark.css]
01:44:07.610 [FXGL Background Thread 3 ] DEBUG Engine               - collisionDetectionStrategy: BRUTE_FORCE
01:44:07.610 [FXGL Background Thread 3 ] DEBUG Engine               - configClass: Optional.empty
01:44:07.611 [FXGL Background Thread 3 ] DEBUG Engine               - credits: []
01:44:07.611 [FXGL Background Thread 3 ] DEBUG Engine               - devBBoxColorProperty: ObjectProperty [value: 0xff0000ff]
01:44:07.611 [FXGL Background Thread 3 ] DEBUG Engine               - devEnableDebugCameraProperty: BooleanProperty [value: false]
01:44:07.611 [FXGL Background Thread 3 ] DEBUG Engine               - devSensorColorProperty: ObjectProperty [value: 0xffff00ff]
01:44:07.611 [FXGL Background Thread 3 ] DEBUG Engine               - devShowBBoxProperty: BooleanProperty [value: false]
01:44:07.611 [FXGL Background Thread 3 ] DEBUG Engine               - devShowPositionProperty: BooleanProperty [value: false]
01:44:07.611 [FXGL Background Thread 3 ] DEBUG Engine               - enabledMenuItems: []
01:44:07.611 [FXGL Background Thread 3 ] DEBUG Engine               - engineServices: [class com.almasb.fxgl.app.services.FXGLAssetLoaderService, class com.almasb.fxgl.app.FXGLApplication$GameApplicationService, class com.almasb.fxgl.app.services.FXGLDialogService, class com.almasb.fxgl.app.services.IOTaskExecutorService, class com.almasb.fxgl.event.EventBusService, class com.almasb.fxgl.io.FileSystemService, class com.almasb.fxgl.localization.LocalizationService, class com.almasb.fxgl.app.services.SystemBundleService, class com.almasb.fxgl.profile.SaveLoadService, class com.almasb.fxgl.ui.FXGLUIFactoryServiceProvider, class com.almasb.fxgl.ui.FXGLDialogFactoryServiceProvider, class com.almasb.fxgl.audio.AudioPlayer, class com.almasb.fxgl.notification.impl.NotificationServiceProvider, class com.almasb.fxgl.achievement.AchievementService, class com.almasb.fxgl.cutscene.CutsceneService, class com.almasb.fxgl.minigames.MiniGameService, class com.almasb.fxgl.net.NetService, class com.almasb.fxgl.app.services.UpdaterService, class com.almasb.fxgl.dev.DevService]
01:44:07.611 [FXGL Background Thread 3 ] DEBUG Engine               - fontGame: Abel-Regular.ttf
01:44:07.612 [FXGL Background Thread 3 ] DEBUG Engine               - fontMono: lucida_console.ttf
01:44:07.612 [FXGL Background Thread 3 ] DEBUG Engine               - fontText: Courier-Prime.ttf
01:44:07.612 [FXGL Background Thread 3 ] DEBUG Engine               - fontUI: VarelaRound-Regular.ttf
01:44:07.612 [FXGL Background Thread 3 ] DEBUG Engine               - fullScreen: BooleanProperty [value: false]
01:44:07.612 [FXGL Background Thread 3 ] DEBUG Engine               - gameDifficulty: MEDIUM
01:44:07.612 [FXGL Background Thread 3 ] DEBUG Engine               - gameDifficultyProperty: ObjectProperty [value: MEDIUM]
01:44:07.612 [FXGL Background Thread 3 ] DEBUG Engine               - globalMusicVolume: 0.5
01:44:07.612 [FXGL Background Thread 3 ] DEBUG Engine               - globalMusicVolumeProperty: DoubleProperty [value: 0.5]
01:44:07.613 [FXGL Background Thread 3 ] DEBUG Engine               - globalSoundVolume: 0.5
01:44:07.613 [FXGL Background Thread 3 ] DEBUG Engine               - globalSoundVolumeProperty: DoubleProperty [value: 0.5]
01:44:07.613 [FXGL Background Thread 3 ] DEBUG Engine               - height: 800
01:44:07.613 [FXGL Background Thread 3 ] DEBUG Engine               - isAndroid: false
01:44:07.613 [FXGL Background Thread 3 ] DEBUG Engine               - isBrowser: false
01:44:07.613 [FXGL Background Thread 3 ] DEBUG Engine               - isClickFeedbackEnabled: false
01:44:07.613 [FXGL Background Thread 3 ] DEBUG Engine               - isCloseConfirmation: false
01:44:07.613 [FXGL Background Thread 3 ] DEBUG Engine               - isDesktop: true
01:44:07.613 [FXGL Background Thread 3 ] DEBUG Engine               - isDeveloperMenuEnabled: false
01:44:07.613 [FXGL Background Thread 3 ] DEBUG Engine               - isEntityPreloadEnabled: true
01:44:07.614 [FXGL Background Thread 3 ] DEBUG Engine               - isExperimental3D: false
01:44:07.614 [FXGL Background Thread 3 ] DEBUG Engine               - isExperimentalNative: false
01:44:07.614 [FXGL Background Thread 3 ] DEBUG Engine               - isExperimentalTiledLargeMap: false
01:44:07.614 [FXGL Background Thread 3 ] DEBUG Engine               - isFileSystemWriteAllowed: true
01:44:07.614 [FXGL Background Thread 3 ] DEBUG Engine               - isFullScreenAllowed: false
01:44:07.614 [FXGL Background Thread 3 ] DEBUG Engine               - isFullScreenFromStart: false
01:44:07.614 [FXGL Background Thread 3 ] DEBUG Engine               - isGameMenuEnabled: true
01:44:07.614 [FXGL Background Thread 3 ] DEBUG Engine               - isIOS: false
01:44:07.614 [FXGL Background Thread 3 ] DEBUG Engine               - isIntroEnabled: false
01:44:07.614 [FXGL Background Thread 3 ] DEBUG Engine               - isLinux: false
01:44:07.614 [FXGL Background Thread 3 ] DEBUG Engine               - isMac: false
01:44:07.614 [FXGL Background Thread 3 ] DEBUG Engine               - isMainMenuEnabled: false
01:44:07.615 [FXGL Background Thread 3 ] DEBUG Engine               - isManualResizeEnabled: false
01:44:07.615 [FXGL Background Thread 3 ] DEBUG Engine               - isMobile: false
01:44:07.615 [FXGL Background Thread 3 ] DEBUG Engine               - isPreserveResizeRatio: false
01:44:07.615 [FXGL Background Thread 3 ] DEBUG Engine               - isProfilingEnabled: false
01:44:07.615 [FXGL Background Thread 3 ] DEBUG Engine               - isScaleAffectedOnResize: true
01:44:07.615 [FXGL Background Thread 3 ] DEBUG Engine               - isSingleStep: false
01:44:07.615 [FXGL Background Thread 3 ] DEBUG Engine               - isUserProfileEnabled: false
01:44:07.615 [FXGL Background Thread 3 ] DEBUG Engine               - isWindows: true
01:44:07.615 [FXGL Background Thread 3 ] DEBUG Engine               - language: ObjectProperty [value: ENGLISH]
01:44:07.616 [FXGL Background Thread 3 ] DEBUG Engine               - menuKey: ESCAPE
01:44:07.616 [FXGL Background Thread 3 ] DEBUG Engine               - notificationViewClass: class com.almasb.fxgl.notification.view.XboxNotificationView
01:44:07.616 [FXGL Background Thread 3 ] DEBUG Engine               - pixelsPerMeter: 50.0
01:44:07.616 [FXGL Background Thread 3 ] DEBUG Engine               - platform: WINDOWS
01:44:07.616 [FXGL Background Thread 3 ] DEBUG Engine               - prefHeightProperty: ReadOnlyDoubleProperty [value: 800.0]
01:44:07.616 [FXGL Background Thread 3 ] DEBUG Engine               - prefWidthProperty: ReadOnlyDoubleProperty [value: 800.0]
01:44:07.616 [FXGL Background Thread 3 ] DEBUG Engine               - profileDir: profiles/
01:44:07.616 [FXGL Background Thread 3 ] DEBUG Engine               - profileName: StringProperty [value: DEFAULT]
01:44:07.617 [FXGL Background Thread 3 ] DEBUG Engine               - randomSeed: -1
01:44:07.617 [FXGL Background Thread 3 ] DEBUG Engine               - runtimeInfo: RuntimeInfo(platform=WINDOWS, version=11.14, build=01.03.2021 16.59)
01:44:07.617 [FXGL Background Thread 3 ] DEBUG Engine               - saveFileExt: sav
01:44:07.617 [FXGL Background Thread 3 ] DEBUG Engine               - scaledHeightProp$fxgl: DoubleProperty [bound, value: 800.0]
01:44:07.617 [FXGL Background Thread 3 ] DEBUG Engine               - scaledWidthProp$fxgl: DoubleProperty [bound, value: 800.0]
01:44:07.617 [FXGL Background Thread 3 ] DEBUG Engine               - sceneFactory: com.almasb.fxgl.app.scene.SceneFactory@10b07a92
01:44:07.617 [FXGL Background Thread 3 ] DEBUG Engine               - secondsIn24h: 60
01:44:07.617 [FXGL Background Thread 3 ] DEBUG Engine               - soundMenuBack: menu/back.wav
01:44:07.617 [FXGL Background Thread 3 ] DEBUG Engine               - soundMenuPress: menu/press.wav
01:44:07.618 [FXGL Background Thread 3 ] DEBUG Engine               - soundMenuSelect: menu/select.wav
01:44:07.618 [FXGL Background Thread 3 ] DEBUG Engine               - soundNotification: core/notification.wav
01:44:07.618 [FXGL Background Thread 3 ] DEBUG Engine               - stageStyle: DECORATED
01:44:07.618 [FXGL Background Thread 3 ] DEBUG Engine               - supportedLanguages: [ENGLISH, FRENCH, GERMAN, HUNGARIAN, RUSSIAN]
01:44:07.618 [FXGL Background Thread 3 ] DEBUG Engine               - ticksPerSecond: -1
01:44:07.618 [FXGL Background Thread 3 ] DEBUG Engine               - title: Test project
01:44:07.618 [FXGL Background Thread 3 ] DEBUG Engine               - urlGithub: https://github.com/AlmasB/FXGL
01:44:07.618 [FXGL Background Thread 3 ] DEBUG Engine               - urlLeaderboard: http://fxgl-top.herokuapp.com/
01:44:07.618 [FXGL Background Thread 3 ] DEBUG Engine               - urlPOM: https://raw.githubusercontent.com/AlmasB/FXGL/release/README.md
01:44:07.618 [FXGL Background Thread 3 ] DEBUG Engine               - userAppClass: class Game
01:44:07.618 [FXGL Background Thread 3 ] DEBUG Engine               - version: 0.0
01:44:07.619 [FXGL Background Thread 3 ] DEBUG Engine               - versionCheckDays: 7
01:44:07.619 [FXGL Background Thread 3 ] DEBUG Engine               - width: 800
01:44:07.619 [FXGL Background Thread 3 ] DEBUG Engine               - Logging services
01:44:07.619 [FXGL Background Thread 3 ] DEBUG Engine               - class com.almasb.fxgl.app.services.FXGLAssetLoaderService
01:44:07.619 [FXGL Background Thread 3 ] DEBUG Engine               - class com.almasb.fxgl.app.FXGLApplication$GameApplicationService
01:44:07.619 [FXGL Background Thread 3 ] DEBUG Engine               - class com.almasb.fxgl.app.services.FXGLDialogService
01:44:07.619 [FXGL Background Thread 3 ] DEBUG Engine               - class com.almasb.fxgl.app.services.IOTaskExecutorService
01:44:07.619 [FXGL Background Thread 3 ] DEBUG Engine               - class com.almasb.fxgl.event.EventBusService
01:44:07.619 [FXGL Background Thread 3 ] DEBUG Engine               - class com.almasb.fxgl.io.FileSystemService
01:44:07.619 [FXGL Background Thread 3 ] DEBUG Engine               - class com.almasb.fxgl.localization.LocalizationService
01:44:07.619 [FXGL Background Thread 3 ] DEBUG Engine               - class com.almasb.fxgl.app.services.SystemBundleService
01:44:07.619 [FXGL Background Thread 3 ] DEBUG Engine               - class com.almasb.fxgl.profile.SaveLoadService
01:44:07.619 [FXGL Background Thread 3 ] DEBUG Engine               - class com.almasb.fxgl.ui.FXGLUIFactoryServiceProvider
01:44:07.620 [FXGL Background Thread 3 ] DEBUG Engine               - class com.almasb.fxgl.ui.FXGLDialogFactoryServiceProvider
01:44:07.620 [FXGL Background Thread 3 ] DEBUG Engine               - class com.almasb.fxgl.audio.AudioPlayer
01:44:07.620 [FXGL Background Thread 3 ] DEBUG Engine               - class com.almasb.fxgl.notification.impl.NotificationServiceProvider
01:44:07.620 [FXGL Background Thread 3 ] DEBUG Engine               - class com.almasb.fxgl.achievement.AchievementService
01:44:07.620 [FXGL Background Thread 3 ] DEBUG Engine               - class com.almasb.fxgl.cutscene.CutsceneService
01:44:07.620 [FXGL Background Thread 3 ] DEBUG Engine               - class com.almasb.fxgl.minigames.MiniGameService
01:44:07.620 [FXGL Background Thread 3 ] DEBUG Engine               - class com.almasb.fxgl.net.NetService
01:44:07.620 [FXGL Background Thread 3 ] DEBUG Engine               - class com.almasb.fxgl.app.services.UpdaterService
01:44:07.620 [FXGL Background Thread 3 ] DEBUG Engine               - class com.almasb.fxgl.dev.DevService
01:44:17.379 [JavaFX Application Thread] DEBUG LoopRunner           - Stopping loop
01:44:17.380 [JavaFX Application Thread] FATAL FXGLApplication      - Uncaught Exception:
java.lang.NoSuchFieldError: BACK
	at com.almasb.fxgl.input.MouseTrigger$Companion$WhenMappings.<clinit>(Unknown Source)
	at com.almasb.fxgl.input.MouseTrigger$Companion.buttonToString(Triggers.kt:130)
	at com.almasb.fxgl.input.MouseTrigger.<init>(Triggers.kt:143)
	at com.almasb.fxgl.input.MouseTrigger.<init>(Triggers.kt:113)
	at com.almasb.fxgl.input.Input.handlePressed(Input.kt:326)
	at com.almasb.fxgl.input.Input.onMouseEvent(Input.kt:312)
	at com.almasb.fxgl.input.Input.onMouseEvent(Input.kt:301)
	at com.almasb.fxgl.app.PrimaryStageWindow$2.invoke(MainWindow.kt:259)
	at com.almasb.fxgl.app.PrimaryStageWindow$2.invoke(MainWindow.kt:231)
	at com.almasb.fxgl.app.MainWindow$addMouseHandler$1.handle(MainWindow.kt:208)
	at com.almasb.fxgl.app.MainWindow$addMouseHandler$1.handle(MainWindow.kt:41)
	at javafx.base/com.sun.javafx.event.CompositeEventHandler$NormalEventHandlerRecord.handleBubblingEvent(CompositeEventHandler.java:218)
	at javafx.base/com.sun.javafx.event.CompositeEventHandler.dispatchBubblingEvent(CompositeEventHandler.java:80)
	at javafx.base/com.sun.javafx.event.EventHandlerManager.dispatchBubblingEvent(EventHandlerManager.java:238)
	at javafx.base/com.sun.javafx.event.EventHandlerManager.dispatchBubblingEvent(EventHandlerManager.java:191)
	at javafx.base/com.sun.javafx.event.CompositeEventDispatcher.dispatchBubblingEvent(CompositeEventDispatcher.java:59)
	at javafx.base/com.sun.javafx.event.BasicEventDispatcher.dispatchEvent(BasicEventDispatcher.java:58)
	at javafx.base/com.sun.javafx.event.EventDispatchChainImpl.dispatchEvent(EventDispatchChainImpl.java:114)
	at javafx.base/com.sun.javafx.event.BasicEventDispatcher.dispatchEvent(BasicEventDispatcher.java:56)
	at javafx.base/com.sun.javafx.event.EventDispatchChainImpl.dispatchEvent(EventDispatchChainImpl.java:114)
	at javafx.base/com.sun.javafx.event.EventUtil.fireEventImpl(EventUtil.java:74)
	at javafx.base/com.sun.javafx.event.EventUtil.fireEvent(EventUtil.java:54)
	at javafx.base/javafx.event.Event.fireEvent(Event.java:198)
	at javafx.graphics/javafx.scene.Scene$MouseHandler.process(Scene.java:3851)
	at javafx.graphics/javafx.scene.Scene$MouseHandler.access$1200(Scene.java:3579)
	at javafx.graphics/javafx.scene.Scene.processMouseEvent(Scene.java:1849)
	at javafx.graphics/javafx.scene.Scene$ScenePeerListener.mouseEvent(Scene.java:2588)
	at javafx.graphics/com.sun.javafx.tk.quantum.GlassViewEventHandler$MouseEventNotification.run(GlassViewEventHandler.java:397)
	at javafx.graphics/com.sun.javafx.tk.quantum.GlassViewEventHandler$MouseEventNotification.run(GlassViewEventHandler.java:295)
	at java.base/java.security.AccessController.doPrivileged(AccessController.java:391)
	at javafx.graphics/com.sun.javafx.tk.quantum.GlassViewEventHandler.lambda$handleMouseEvent$2(GlassViewEventHandler.java:434)
	at javafx.graphics/com.sun.javafx.tk.quantum.QuantumToolkit.runWithoutRenderLock(QuantumToolkit.java:390)
	at javafx.graphics/com.sun.javafx.tk.quantum.GlassViewEventHandler.handleMouseEvent(GlassViewEventHandler.java:433)
	at javafx.graphics/com.sun.glass.ui.View.handleMouseEvent(View.java:556)
	at javafx.graphics/com.sun.glass.ui.View.notifyMouse(View.java:942)
	at javafx.graphics/com.sun.glass.ui.win.WinApplication._runLoop(Native Method)
	at javafx.graphics/com.sun.glass.ui.win.WinApplication.lambda$runLoop$3(WinApplication.java:174)
	at java.base/java.lang.Thread.run(Thread.java:832)

01:44:17.380 [JavaFX Application Thread] FATAL FXGLApplication      - Application will now exit
01:44:17.389 [JavaFX Application Thread] DEBUG PrimaryStageWindow   - Push state: ErrorSubScene
01:44:17.389 [JavaFX Application Thread] DEBUG Input                - Clearing active input actions
01:44:17.395 [JavaFX Application Thread] DEBUG GameApplicationServi - Removing overlay from GameScene and adding to ErrorSubScene
01:44:17.395 [JavaFX Application Thread] DEBUG PrimaryStageWindow   - GameScene -> ErrorSubScene
01:44:17.910 [JavaFX Application Thread] DEBUG FXGLApplication      - Exiting FXGL
01:44:17.910 [JavaFX Application Thread] DEBUG Async                - Shutting down background threads
01:44:17.910 [JavaFX Application Thread] DEBUG PrimaryStageWindow   - Closing main window
01:44:17.923 [JavaFX Application Thread] DEBUG Logger               - Closing Logger
