01:30:32.653 [main                     ] DEBUG Logger               - Configured Logger
01:30:32.657 [main                     ] DEBUG GameApplication      - Logging settings
Title: Test project
Version: 0.0
Width: 800
Height: 800
Fullscreen: false
Intro: false
Profiling: false
Single step:false
App Mode: DEVELOPER
Menu Key: ESCAPE
Stage Style: DECORATED
Scene Factory: class com.almasb.fxgl.app.scene.SceneFactory

01:30:32.941 [JavaFX Application Thread] DEBUG FXGLApplication      - Initializing FXGL
01:30:32.943 [JavaFX Application Thread] INFO  Engine               - FXGL-11.14 (01.03.2021 16.59) on WINDOWS (J:15.0.1 FX:11.0.2)
01:30:32.943 [JavaFX Application Thread] DEBUG Engine               - JRE Vendor Name: Oracle Corporation
01:30:32.944 [JavaFX Application Thread] DEBUG Engine               - Running on OS: Windows 10 version 10.0
01:30:32.944 [JavaFX Application Thread] DEBUG Engine               - Architecture: amd64
01:30:32.944 [JavaFX Application Thread] INFO  Engine               - Source code and latest versions at: https://github.com/AlmasB/FXGL
01:30:32.944 [JavaFX Application Thread] INFO  Engine               -              Join the FXGL chat at: https://gitter.im/AlmasB/FXGL
01:30:33.027 [JavaFX Application Thread] DEBUG PrimaryStageWindow   - Creating a JavaFX scene
01:30:33.064 [JavaFX Application Thread] DEBUG PrimaryStageWindow   - Target settings size: 800.0 x 800.0
01:30:33.064 [JavaFX Application Thread] DEBUG PrimaryStageWindow   - Scaled scene size:    800.0 x 800.0
01:30:33.064 [JavaFX Application Thread] DEBUG PrimaryStageWindow   - Scaled ratio: (1.0, 1.0)
01:30:33.065 [JavaFX Application Thread] DEBUG PrimaryStageWindow   - Set initial scene to FXGLStartupScene
01:30:33.070 [JavaFX Application Thread] DEBUG PrimaryStageWindow   - Opening main window
01:30:33.139 [JavaFX Application Thread] DEBUG PrimaryStageWindow   - Window border size: (16.0, 39.0)
01:30:33.140 [JavaFX Application Thread] DEBUG PrimaryStageWindow   - Scaled size: 800.0 x 800.0
01:30:33.140 [JavaFX Application Thread] DEBUG PrimaryStageWindow   - Scaled ratio: (1.0, 1.0)
01:30:33.140 [JavaFX Application Thread] DEBUG PrimaryStageWindow   - Scene size: 800.0 x 800.0
01:30:33.140 [JavaFX Application Thread] DEBUG PrimaryStageWindow   - Stage size: 816.0 x 839.0
01:30:33.148 [FXGL Background Thread 1 ] DEBUG Engine               - Initializing environment variables
01:30:33.193 [FXGL Background Thread 1 ] DEBUG FXGLAssetLoaderServi - User app class for loading assets: class Game
01:30:33.194 [FXGL Background Thread 1 ] DEBUG GameApplicationServi - Applying CSS: fxgl_dark.css
01:30:33.196 [FXGL Background Thread 1 ] DEBUG FXGLAssetLoaderServi - Loading from file system: jar:file:/C:/Users/Reda/.m2/repository/com/github/almasb/fxgl/11.14/fxgl-11.14.jar!/fxglassets/ui/css/fxgl_dark.css
01:30:33.243 [FXGL Background Thread 1 ] DEBUG GameApplicationServi - Initializing application scenes
01:30:33.273 [FXGL Background Thread 1 ] DEBUG GameWorld            - Game world initialized
01:30:33.352 [FXGL Background Thread 1 ] DEBUG PhysicsWorld         - Physics world initialized: appHeight=800, physics.ppm=50.0
01:30:33.352 [FXGL Background Thread 1 ] DEBUG PhysicsWorld         - Using strategy: BRUTE_FORCE
01:30:33.355 [FXGL Background Thread 1 ] DEBUG GameScene            - Game scene initialized: 800x800
01:30:33.385 [FXGL Background Thread 1 ] DEBUG FXGLAssetLoaderServi - Loading from file system: jar:file:/C:/Users/Reda/.m2/repository/com/github/almasb/fxgl/11.14/fxgl-11.14.jar!/fxglassets/textures/particles/trace_horizontal.png
01:30:33.434 [FXGL Background Thread 1 ] DEBUG FXGL.DefaultMenu     - createMenuBodyGameMenu()
01:30:33.449 [FXGL Background Thread 1 ] DEBUG FXGL.DefaultMenu     - createOptionsMenu()
01:30:33.455 [FXGL Background Thread 1 ] DEBUG FXGLAssetLoaderServi - Loading from file system: jar:file:/C:/Users/Reda/.m2/repository/com/github/almasb/fxgl/11.14/fxgl-11.14.jar!/fxglassets/textures/particles/smoke.png
01:30:33.506 [FXGL Background Thread 1 ] DEBUG GameApplicationServi - Application scenes initialized
01:30:33.517 [FXGL Background Thread 1 ] DEBUG SystemBundleService  - Loading FXGL system data
01:30:33.522 [FXGL Background Thread 1 ] DEBUG FileSystemAccess     - Reading from: C:\Users\Reda\Desktop\Test\TestGameFXGL\system\fxgl.bundle
01:30:33.530 [FXGL Background Thread 1 ] DEBUG SystemBundleService  - Bundle FXGL: {}
01:30:33.530 [FXGL Background Thread 1 ] DEBUG UpdaterService       - Checking for updates
01:30:33.535 [FXGL Background Thread 4 ] DEBUG FXGLApplication      - Loading fonts
01:30:33.535 [FXGL Background Thread 1 ] DEBUG FXGLApplication      - Loading default localization
01:30:33.536 [FXGL Background Thread 4 ] DEBUG FXGLAssetLoaderServi - Loading from file system: jar:file:/C:/Users/Reda/.m2/repository/com/github/almasb/fxgl/11.14/fxgl-11.14.jar!/fxglassets/ui/fonts/VarelaRound-Regular.ttf
01:30:33.537 [FXGL Background Thread 1 ] DEBUG FXGLAssetLoaderServi - Loading from file system: jar:file:/C:/Users/Reda/.m2/repository/com/github/almasb/fxgl/11.14/fxgl-11.14.jar!/fxglassets/languages/english.lang
01:30:33.553 [FXGL Background Thread 1 ] INFO  FXGLApplication      - FXGL initialization took: 0.405 sec
01:30:33.563 [JavaFX Application Thread] DEBUG Input                - Registered new binding: action0 - W
01:30:33.563 [JavaFX Application Thread] DEBUG Input                - Registered new binding: action1 - A
01:30:33.564 [JavaFX Application Thread] DEBUG Input                - Registered new binding: action2 - S
01:30:33.564 [JavaFX Application Thread] DEBUG Input                - Registered new binding: action3 - D
01:30:33.565 [JavaFX Application Thread] DEBUG FXGLAssetLoaderServi - Loading from file system: jar:file:/C:/Users/Reda/.m2/repository/com/github/almasb/fxgl/11.14/fxgl-11.14.jar!/fxglassets/textures/fxgl_icon.png
01:30:33.594 [JavaFX Application Thread] DEBUG FXGLAssetLoaderServi - Loading from file system: jar:file:/C:/Users/Reda/.m2/repository/com/github/almasb/fxgl/11.14/fxgl-11.14.jar!/fxglassets/ui/cursors/fxgl_default.png
01:30:33.596 [JavaFX Application Thread] DEBUG Input                - Registered new binding: Screenshot - P
01:30:33.596 [JavaFX Application Thread] DEBUG Input                - Registered new binding: System info dump - CTRL+9
01:30:33.597 [JavaFX Application Thread] DEBUG Input                - Registered new binding: Restart - CTRL+R
01:30:33.598 [JavaFX Application Thread] DEBUG Input                - Registered new binding: Toggle Debug Camera - CTRL+C
01:30:33.600 [JavaFX Application Thread] DEBUG LoopRunner           - Starting loop
01:30:33.600 [JavaFX Application Thread] DEBUG LoopRunner           - Initializing JavaFX AnimationTimerLoop
01:30:33.602 [JavaFX Application Thread] DEBUG GameApplicationServi - Starting new game
01:30:33.602 [JavaFX Application Thread] DEBUG Input                - Clearing active input actions
01:30:33.610 [JavaFX Application Thread] DEBUG GameApplicationServi - Removing overlay from FXGLStartupScene and adding to FXGLLoadingScene
01:30:33.610 [JavaFX Application Thread] DEBUG PrimaryStageWindow   - FXGLStartupScene -> FXGLLoadingScene
01:30:33.611 [JavaFX Application Thread] DEBUG GameApplicationServi - Clearing previous game
01:30:33.611 [JavaFX Application Thread] DEBUG GameScene            - Clearing game scene
01:30:33.611 [JavaFX Application Thread] DEBUG GameWorld            - Clearing game world
01:30:33.611 [JavaFX Application Thread] DEBUG PhysicsWorld         - Clearing physics world
01:30:33.613 [FXGL Background Thread 1 ] DEBUG FXGLApplication      - Initializing game
01:30:33.615 [FXGL Background Thread 1 ] DEBUG FXGLAssetLoaderServi - Loading from file system: file:/C:/Users/Reda/Desktop/Test/TestGameFXGL/target/classes/assets/textures/koen_warner.png
01:30:33.620 [FXGL Background Thread 1 ] INFO  FXGLApplication      - Game initialization took: 0.007 sec
01:30:33.643 [JavaFX Application Thread] DEBUG Input                - Clearing active input actions
01:30:33.645 [FXGL Background Thread 4 ] DEBUG FXGLAssetLoaderServi - Loading from file system: jar:file:/C:/Users/Reda/.m2/repository/com/github/almasb/fxgl/11.14/fxgl-11.14.jar!/fxglassets/ui/fonts/Abel-Regular.ttf
01:30:33.651 [JavaFX Application Thread] DEBUG GameApplicationServi - Removing overlay from FXGLLoadingScene and adding to GameScene
01:30:33.652 [JavaFX Application Thread] DEBUG PrimaryStageWindow   - FXGLLoadingScene -> GameScene
01:30:33.660 [FXGL Background Thread 4 ] DEBUG FXGLAssetLoaderServi - Loading from file system: jar:file:/C:/Users/Reda/.m2/repository/com/github/almasb/fxgl/11.14/fxgl-11.14.jar!/fxglassets/ui/fonts/lucida_console.ttf
01:30:33.676 [FXGL Background Thread 4 ] DEBUG FXGLAssetLoaderServi - Loading from file system: jar:file:/C:/Users/Reda/.m2/repository/com/github/almasb/fxgl/11.14/fxgl-11.14.jar!/fxglassets/ui/fonts/Courier-Prime.ttf
01:30:33.705 [JavaFX Application Thread] DEBUG FXGLApplication      - Registering font factories with UI factory
01:30:36.368 [JavaFX Application Thread] DEBUG FXGLApplication      - Exiting FXGL
01:30:36.368 [JavaFX Application Thread] DEBUG LoopRunner           - Stopping loop
01:30:36.368 [JavaFX Application Thread] DEBUG SystemBundleService  - Saving FXGL system data
01:30:36.370 [JavaFX Application Thread] DEBUG FileSystemAccess     - Writing to: C:\Users\Reda\Desktop\Test\TestGameFXGL\system\fxgl.bundle
01:30:36.371 [JavaFX Application Thread] DEBUG Async                - Shutting down background threads
01:30:36.371 [JavaFX Application Thread] DEBUG PrimaryStageWindow   - Closing main window
01:30:36.381 [JavaFX Application Thread] DEBUG Logger               - Closing Logger
