01:27:14.134 [main                     ] DEBUG Logger               - Configured Logger
01:27:14.144 [main                     ] DEBUG GameApplication      - Logging settings
Title: Test project
Version: 0.0
Width: 800
Height: 800
Fullscreen: false
Intro: false
Profiling: false
Single step:false
App Mode: DEVELOPER
Menu Key: ESCAPE
Stage Style: DECORATED
Scene Factory: class com.almasb.fxgl.app.scene.SceneFactory

01:27:14.432 [JavaFX Application Thread] DEBUG FXGLApplication      - Initializing FXGL
01:27:14.434 [JavaFX Application Thread] INFO  Engine               - FXGL-11.14 (01.03.2021 16.59) on WINDOWS (J:15.0.1 FX:11.0.2)
01:27:14.435 [JavaFX Application Thread] DEBUG Engine               - JRE Vendor Name: Oracle Corporation
01:27:14.435 [JavaFX Application Thread] DEBUG Engine               - Running on OS: Windows 10 version 10.0
01:27:14.435 [JavaFX Application Thread] DEBUG Engine               - Architecture: amd64
01:27:14.435 [JavaFX Application Thread] INFO  Engine               - Source code and latest versions at: https://github.com/AlmasB/FXGL
01:27:14.436 [JavaFX Application Thread] INFO  Engine               -              Join the FXGL chat at: https://gitter.im/AlmasB/FXGL
01:27:14.525 [JavaFX Application Thread] DEBUG PrimaryStageWindow   - Creating a JavaFX scene
01:27:14.564 [JavaFX Application Thread] DEBUG PrimaryStageWindow   - Target settings size: 800.0 x 800.0
01:27:14.564 [JavaFX Application Thread] DEBUG PrimaryStageWindow   - Scaled scene size:    800.0 x 800.0
01:27:14.564 [JavaFX Application Thread] DEBUG PrimaryStageWindow   - Scaled ratio: (1.0, 1.0)
01:27:14.565 [JavaFX Application Thread] DEBUG PrimaryStageWindow   - Set initial scene to FXGLStartupScene
01:27:14.570 [JavaFX Application Thread] DEBUG PrimaryStageWindow   - Opening main window
01:27:14.639 [JavaFX Application Thread] DEBUG PrimaryStageWindow   - Window border size: (16.0, 39.0)
01:27:14.640 [JavaFX Application Thread] DEBUG PrimaryStageWindow   - Scaled size: 800.0 x 800.0
01:27:14.640 [JavaFX Application Thread] DEBUG PrimaryStageWindow   - Scaled ratio: (1.0, 1.0)
01:27:14.640 [JavaFX Application Thread] DEBUG PrimaryStageWindow   - Scene size: 800.0 x 800.0
01:27:14.640 [JavaFX Application Thread] DEBUG PrimaryStageWindow   - Stage size: 816.0 x 839.0
01:27:14.649 [FXGL Background Thread 1 ] DEBUG Engine               - Initializing environment variables
01:27:14.687 [FXGL Background Thread 1 ] DEBUG FXGLAssetLoaderServi - User app class for loading assets: class Game
01:27:14.687 [FXGL Background Thread 1 ] DEBUG GameApplicationServi - Applying CSS: fxgl_dark.css
01:27:14.689 [FXGL Background Thread 1 ] DEBUG FXGLAssetLoaderServi - Loading from file system: jar:file:/C:/Users/Reda/.m2/repository/com/github/almasb/fxgl/11.14/fxgl-11.14.jar!/fxglassets/ui/css/fxgl_dark.css
01:27:14.732 [FXGL Background Thread 1 ] DEBUG GameApplicationServi - Initializing application scenes
01:27:14.762 [FXGL Background Thread 1 ] DEBUG GameWorld            - Game world initialized
01:27:14.840 [FXGL Background Thread 1 ] DEBUG PhysicsWorld         - Physics world initialized: appHeight=800, physics.ppm=50.0
01:27:14.840 [FXGL Background Thread 1 ] DEBUG PhysicsWorld         - Using strategy: BRUTE_FORCE
01:27:14.843 [FXGL Background Thread 1 ] DEBUG GameScene            - Game scene initialized: 800x800
01:27:14.877 [FXGL Background Thread 1 ] DEBUG FXGLAssetLoaderServi - Loading from file system: jar:file:/C:/Users/Reda/.m2/repository/com/github/almasb/fxgl/11.14/fxgl-11.14.jar!/fxglassets/textures/particles/trace_horizontal.png
01:27:14.922 [FXGL Background Thread 1 ] DEBUG FXGL.DefaultMenu     - createMenuBodyGameMenu()
01:27:14.934 [FXGL Background Thread 1 ] DEBUG FXGL.DefaultMenu     - createOptionsMenu()
01:27:14.941 [FXGL Background Thread 1 ] DEBUG FXGLAssetLoaderServi - Loading from file system: jar:file:/C:/Users/Reda/.m2/repository/com/github/almasb/fxgl/11.14/fxgl-11.14.jar!/fxglassets/textures/particles/smoke.png
01:27:14.996 [FXGL Background Thread 1 ] DEBUG GameApplicationServi - Application scenes initialized
01:27:15.007 [FXGL Background Thread 1 ] DEBUG SystemBundleService  - Loading FXGL system data
01:27:15.012 [FXGL Background Thread 1 ] DEBUG FileSystemAccess     - Reading from: C:\Users\Reda\Desktop\Test\TestGameFXGL\system\fxgl.bundle
01:27:15.020 [FXGL Background Thread 1 ] DEBUG SystemBundleService  - Bundle FXGL: {}
01:27:15.020 [FXGL Background Thread 1 ] DEBUG UpdaterService       - Checking for updates
01:27:15.026 [FXGL Background Thread 4 ] DEBUG FXGLApplication      - Loading fonts
01:27:15.026 [FXGL Background Thread 1 ] DEBUG FXGLApplication      - Loading default localization
01:27:15.027 [FXGL Background Thread 4 ] DEBUG FXGLAssetLoaderServi - Loading from file system: jar:file:/C:/Users/Reda/.m2/repository/com/github/almasb/fxgl/11.14/fxgl-11.14.jar!/fxglassets/ui/fonts/VarelaRound-Regular.ttf
01:27:15.027 [FXGL Background Thread 1 ] DEBUG FXGLAssetLoaderServi - Loading from file system: jar:file:/C:/Users/Reda/.m2/repository/com/github/almasb/fxgl/11.14/fxgl-11.14.jar!/fxglassets/languages/english.lang
01:27:15.044 [FXGL Background Thread 1 ] INFO  FXGLApplication      - FXGL initialization took: 0.397 sec
01:27:15.056 [JavaFX Application Thread] DEBUG Input                - Registered new binding: action0 - W
01:27:15.057 [JavaFX Application Thread] DEBUG Input                - Registered new binding: action1 - A
01:27:15.057 [JavaFX Application Thread] DEBUG Input                - Registered new binding: action2 - S
01:27:15.058 [JavaFX Application Thread] DEBUG Input                - Registered new binding: action3 - D
01:27:15.058 [JavaFX Application Thread] DEBUG FXGLAssetLoaderServi - Loading from file system: jar:file:/C:/Users/Reda/.m2/repository/com/github/almasb/fxgl/11.14/fxgl-11.14.jar!/fxglassets/textures/fxgl_icon.png
01:27:15.085 [JavaFX Application Thread] DEBUG FXGLAssetLoaderServi - Loading from file system: jar:file:/C:/Users/Reda/.m2/repository/com/github/almasb/fxgl/11.14/fxgl-11.14.jar!/fxglassets/ui/cursors/fxgl_default.png
01:27:15.087 [JavaFX Application Thread] DEBUG Input                - Registered new binding: Screenshot - P
01:27:15.088 [JavaFX Application Thread] DEBUG Input                - Registered new binding: System info dump - CTRL+9
01:27:15.088 [JavaFX Application Thread] DEBUG Input                - Registered new binding: Restart - CTRL+R
01:27:15.089 [JavaFX Application Thread] DEBUG Input                - Registered new binding: Toggle Debug Camera - CTRL+C
01:27:15.092 [JavaFX Application Thread] DEBUG LoopRunner           - Starting loop
01:27:15.092 [JavaFX Application Thread] DEBUG LoopRunner           - Initializing JavaFX AnimationTimerLoop
01:27:15.093 [JavaFX Application Thread] DEBUG GameApplicationServi - Starting new game
01:27:15.094 [JavaFX Application Thread] DEBUG Input                - Clearing active input actions
01:27:15.104 [JavaFX Application Thread] DEBUG GameApplicationServi - Removing overlay from FXGLStartupScene and adding to FXGLLoadingScene
01:27:15.104 [JavaFX Application Thread] DEBUG PrimaryStageWindow   - FXGLStartupScene -> FXGLLoadingScene
01:27:15.104 [JavaFX Application Thread] DEBUG GameApplicationServi - Clearing previous game
01:27:15.105 [JavaFX Application Thread] DEBUG GameScene            - Clearing game scene
01:27:15.105 [JavaFX Application Thread] DEBUG GameWorld            - Clearing game world
01:27:15.105 [JavaFX Application Thread] DEBUG PhysicsWorld         - Clearing physics world
01:27:15.106 [FXGL Background Thread 1 ] DEBUG FXGLApplication      - Initializing game
01:27:15.109 [FXGL Background Thread 1 ] DEBUG FXGLAssetLoaderServi - Loading from file system: file:/C:/Users/Reda/Desktop/Test/TestGameFXGL/target/classes/assets/textures/koen_warner.png
01:27:15.113 [FXGL Background Thread 1 ] INFO  FXGLApplication      - Game initialization took: 0.007 sec
01:27:15.138 [JavaFX Application Thread] DEBUG Input                - Clearing active input actions
01:27:15.147 [JavaFX Application Thread] DEBUG GameApplicationServi - Removing overlay from FXGLLoadingScene and adding to GameScene
01:27:15.147 [FXGL Background Thread 4 ] DEBUG FXGLAssetLoaderServi - Loading from file system: jar:file:/C:/Users/Reda/.m2/repository/com/github/almasb/fxgl/11.14/fxgl-11.14.jar!/fxglassets/ui/fonts/Abel-Regular.ttf
01:27:15.148 [JavaFX Application Thread] DEBUG PrimaryStageWindow   - FXGLLoadingScene -> GameScene
01:27:15.160 [FXGL Background Thread 4 ] DEBUG FXGLAssetLoaderServi - Loading from file system: jar:file:/C:/Users/Reda/.m2/repository/com/github/almasb/fxgl/11.14/fxgl-11.14.jar!/fxglassets/ui/fonts/lucida_console.ttf
01:27:15.176 [FXGL Background Thread 4 ] DEBUG FXGLAssetLoaderServi - Loading from file system: jar:file:/C:/Users/Reda/.m2/repository/com/github/almasb/fxgl/11.14/fxgl-11.14.jar!/fxglassets/ui/fonts/Courier-Prime.ttf
01:27:15.226 [JavaFX Application Thread] DEBUG FXGLApplication      - Registering font factories with UI factory
01:27:16.705 [JavaFX Application Thread] DEBUG FXGLApplication      - Exiting FXGL
01:27:16.706 [JavaFX Application Thread] DEBUG LoopRunner           - Stopping loop
01:27:16.706 [JavaFX Application Thread] DEBUG SystemBundleService  - Saving FXGL system data
01:27:16.707 [JavaFX Application Thread] DEBUG FileSystemAccess     - Writing to: C:\Users\Reda\Desktop\Test\TestGameFXGL\system\fxgl.bundle
01:27:16.708 [JavaFX Application Thread] DEBUG Async                - Shutting down background threads
01:27:16.709 [JavaFX Application Thread] DEBUG PrimaryStageWindow   - Closing main window
01:27:16.719 [JavaFX Application Thread] DEBUG Logger               - Closing Logger
